{"numFailedTestSuites":22,"numFailedTests":2,"numPassedTestSuites":1,"numPassedTests":44,"numPendingTestSuites":0,"numPendingTests":0,"numRuntimeErrorTestSuites":21,"numTodoTests":0,"numTotalTestSuites":23,"numTotalTests":46,"openHandles":[],"snapshot":{"added":0,"didUpdate":false,"failure":false,"filesAdded":0,"filesRemoved":0,"filesRemovedList":[],"filesUnmatched":0,"filesUpdated":0,"matched":0,"total":0,"unchecked":0,"uncheckedKeysByFile":[],"unmatched":0,"updated":0},"startTime":1788317939697,"success":false,"testResults":[{"assertionResults":[{"ancestorTitles":["Helper Functions","slugify"],"duration":7,"failureDetails":[{"matcherResult":{"actual":"test_123","expected":"test-123","message":"\u001b[2mexpect(\u001b[22m\u001b[31mreceived\u001b[39m\u001b[2m).\u001b[22mtoBe\u001b[2m(\u001b[22m\u001b[32mexpected\u001b[39m\u001b[2m) // Object.is equality\u001b[22m\n\nExpected: \u001b[32m\"test\u001b[7m-\u001b[27m123\"\u001b[39m\nReceived: \u001b[31m\"test\u001b[7m_\u001b[27m123\"\u001b[39m","name":"toBe","pass":false}}],"failureMessages":["Error: \u001b[2mexpect(\u001b[22m\u001b[31mreceived\u001b[39m\u001b[2m).\u001b[22mtoBe\u001b[2m(\u001b[22m\u001b[32mexpected\u001b[39m\u001b[2m) // Object.is equality\u001b[22m\n\nExpected: \u001b[32m\"test\u001b[7m-\u001b[27m123\"\u001b[39m\nReceived: \u001b[31m\"test\u001b[7m_\u001b[27m123\"\u001b[39m\n    at Object.<anonymous> (C:\\Users\\Diwakar Sharma\\node-projects\\DevMart\\backend\\src\\__tests__\\unit\\utils\\helpers.test.ts:17:35)\n    at Promise.then.completed (C:\\Users\\Diwakar Sharma\\node-projects\\DevMart\\node_modules\\jest-circus\\build\\utils.js:298:28)\n    at new Promise (<anonymous>)\n    at callAsyncCircusFn (C:\\Users\\Diwakar Sharma\\node-projects\\DevMart\\node_modules\\jest-circus\\build\\utils.js:231:10)\n    at _callCircusTest (C:\\Users\\Diwakar Sharma\\node-projects\\DevMart\\node_modules\\jest-circus\\build\\run.js:316:40)\n    at _runTest (C:\\Users\\Diwakar Sharma\\node-projects\\DevMart\\node_modules\\jest-circus\\build\\run.js:252:3)\n    at _runTestsForDescribeBlock (C:\\Users\\Diwakar Sharma\\node-projects\\DevMart\\node_modules\\jest-circus\\build\\run.js:126:9)\n    at _runTestsForDescribeBlock (C:\\Users\\Diwakar Sharma\\node-projects\\DevMart\\node_modules\\jest-circus\\build\\run.js:121:9)\n    at _runTestsForDescribeBlock (C:\\Users\\Diwakar Sharma\\node-projects\\DevMart\\node_modules\\jest-circus\\build\\run.js:121:9)\n    at run (C:\\Users\\Diwakar Sharma\\node-projects\\DevMart\\node_modules\\jest-circus\\build\\run.js:71:3)\n    at runAndTransformResultsToJestFormat (C:\\Users\\Diwakar Sharma\\node-projects\\DevMart\\node_modules\\jest-circus\\build\\legacy-code-todo-rewrite\\jestAdapterInit.js:122:21)\n    at jestAdapter (C:\\Users\\Diwakar Sharma\\node-projects\\DevMart\\node_modules\\jest-circus\\build\\legacy-code-todo-rewrite\\jestAdapter.js:79:19)\n    at runTestInternal (C:\\Users\\Diwakar Sharma\\node-projects\\DevMart\\node_modules\\jest-runner\\build\\runTest.js:367:16)\n    at runTest (C:\\Users\\Diwakar Sharma\\node-projects\\DevMart\\node_modules\\jest-runner\\build\\runTest.js:444:34)"],"fullName":"Helper Functions slugify should convert text to slug format","invocations":1,"location":null,"numPassingAsserts":2,"retryReasons":[],"status":"failed","title":"should convert text to slug format"},{"ancestorTitles":["Helper Functions","slugify"],"duration":1,"failureDetails":[],"failureMessages":[],"fullName":"Helper Functions slugify should remove special characters","invocations":1,"location":null,"numPassingAsserts":2,"retryReasons":[],"status":"passed","title":"should remove special characters"},{"ancestorTitles":["Helper Functions","slugify"],"duration":1,"failureDetails":[],"failureMessages":[],"fullName":"Helper Functions slugify should handle empty strings","invocations":1,"location":null,"numPassingAsserts":1,"retryReasons":[],"status":"passed","title":"should handle empty strings"},{"ancestorTitles":["Helper Functions","slugify"],"duration":1,"failureDetails":[],"failureMessages":[],"fullName":"Helper Functions slugify should replace multiple dashes with single dash","invocations":1,"location":null,"numPassingAsserts":1,"retryReasons":[],"status":"passed","title":"should replace multiple dashes with single dash"},{"ancestorTitles":["Helper Functions","parsePagination"],"duration":1,"failureDetails":[],"failureMessages":[],"fullName":"Helper Functions parsePagination should parse valid pagination query","invocations":1,"location":null,"numPassingAsserts":3,"retryReasons":[],"status":"passed","title":"should parse valid pagination query"},{"ancestorTitles":["Helper Functions","parsePagination"],"duration":0,"failureDetails":[],"failureMessages":[],"fullName":"Helper Functions parsePagination should return default values if not provided","invocations":1,"location":null,"numPassingAsserts":3,"retryReasons":[],"status":"passed","title":"should return default values if not provided"},{"ancestorTitles":["Helper Functions","parsePagination"],"duration":0,"failureDetails":[],"failureMessages":[],"fullName":"Helper Functions parsePagination should enforce minimum page of 1","invocations":1,"location":null,"numPassingAsserts":1,"retryReasons":[],"status":"passed","title":"should enforce minimum page of 1"},{"ancestorTitles":["Helper Functions","parsePagination"],"duration":0,"failureDetails":[],"failureMessages":[],"fullName":"Helper Functions parsePagination should enforce maximum limit of 100","invocations":1,"location":null,"numPassingAsserts":1,"retryReasons":[],"status":"passed","title":"should enforce maximum limit of 100"},{"ancestorTitles":["Helper Functions","parsePagination"],"duration":1,"failureDetails":[{"matcherResult":{"actual":10,"expected":1,"message":"\u001b[2mexpect(\u001b[22m\u001b[31mreceived\u001b[39m\u001b[2m).\u001b[22mtoBe\u001b[2m(\u001b[22m\u001b[32mexpected\u001b[39m\u001b[2m) // Object.is equality\u001b[22m\n\nExpected: \u001b[32m1\u001b[39m\nReceived: \u001b[31m10\u001b[39m","name":"toBe","pass":false}}],"failureMessages":["Error: \u001b[2mexpect(\u001b[22m\u001b[31mreceived\u001b[39m\u001b[2m).\u001b[22mtoBe\u001b[2m(\u001b[22m\u001b[32mexpected\u001b[39m\u001b[2m) // Object.is equality\u001b[22m\n\nExpected: \u001b[32m1\u001b[39m\nReceived: \u001b[31m10\u001b[39m\n    at Object.<anonymous> (C:\\Users\\Diwakar Sharma\\node-projects\\DevMart\\backend\\src\\__tests__\\unit\\utils\\helpers.test.ts:66:28)\n    at Promise.then.completed (C:\\Users\\Diwakar Sharma\\node-projects\\DevMart\\node_modules\\jest-circus\\build\\utils.js:298:28)\n    at new Promise (<anonymous>)\n    at callAsyncCircusFn (C:\\Users\\Diwakar Sharma\\node-projects\\DevMart\\node_modules\\jest-circus\\build\\utils.js:231:10)\n    at _callCircusTest (C:\\Users\\Diwakar Sharma\\node-projects\\DevMart\\node_modules\\jest-circus\\build\\run.js:316:40)\n    at _runTest (C:\\Users\\Diwakar Sharma\\node-projects\\DevMart\\node_modules\\jest-circus\\build\\run.js:252:3)\n    at _runTestsForDescribeBlock (C:\\Users\\Diwakar Sharma\\node-projects\\DevMart\\node_modules\\jest-circus\\build\\run.js:126:9)\n    at _runTestsForDescribeBlock (C:\\Users\\Diwakar Sharma\\node-projects\\DevMart\\node_modules\\jest-circus\\build\\run.js:121:9)\n    at _runTestsForDescribeBlock (C:\\Users\\Diwakar Sharma\\node-projects\\DevMart\\node_modules\\jest-circus\\build\\run.js:121:9)\n    at run (C:\\Users\\Diwakar Sharma\\node-projects\\DevMart\\node_modules\\jest-circus\\build\\run.js:71:3)\n    at runAndTransformResultsToJestFormat (C:\\Users\\Diwakar Sharma\\node-projects\\DevMart\\node_modules\\jest-circus\\build\\legacy-code-todo-rewrite\\jestAdapterInit.js:122:21)\n    at jestAdapter (C:\\Users\\Diwakar Sharma\\node-projects\\DevMart\\node_modules\\jest-circus\\build\\legacy-code-todo-rewrite\\jestAdapter.js:79:19)\n    at runTestInternal (C:\\Users\\Diwakar Sharma\\node-projects\\DevMart\\node_modules\\jest-runner\\build\\runTest.js:367:16)\n    at runTest (C:\\Users\\Diwakar Sharma\\node-projects\\DevMart\\node_modules\\jest-runner\\build\\runTest.js:444:34)"],"fullName":"Helper Functions parsePagination should enforce minimum limit of 1","invocations":1,"location":null,"numPassingAsserts":0,"retryReasons":[],"status":"failed","title":"should enforce minimum limit of 1"},{"ancestorTitles":["Helper Functions","parsePagination"],"duration":5,"failureDetails":[],"failureMessages":[],"fullName":"Helper Functions parsePagination should parse sort parameters","invocations":1,"location":null,"numPassingAsserts":2,"retryReasons":[],"status":"passed","title":"should parse sort parameters"},{"ancestorTitles":["Helper Functions","parsePagination"],"duration":1,"failureDetails":[],"failureMessages":[],"fullName":"Helper Functions parsePagination should default to DESC sort order","invocations":1,"location":null,"numPassingAsserts":1,"retryReasons":[],"status":"passed","title":"should default to DESC sort order"},{"ancestorTitles":["Helper Functions","sanitizeUser"],"duration":1,"failureDetails":[],"failureMessages":[],"fullName":"Helper Functions sanitizeUser should remove sensitive fields from user object","invocations":1,"location":null,"numPassingAsserts":3,"retryReasons":[],"status":"passed","title":"should remove sensitive fields from user object"},{"ancestorTitles":["Helper Functions","sanitizeUser"],"duration":0,"failureDetails":[],"failureMessages":[],"fullName":"Helper Functions sanitizeUser should keep non-sensitive fields","invocations":1,"location":null,"numPassingAsserts":3,"retryReasons":[],"status":"passed","title":"should keep non-sensitive fields"},{"ancestorTitles":["Helper Functions","generateRandomString"],"duration":0,"failureDetails":[],"failureMessages":[],"fullName":"Helper Functions generateRandomString should generate string of specified length","invocations":1,"location":null,"numPassingAsserts":1,"retryReasons":[],"status":"passed","title":"should generate string of specified length"},{"ancestorTitles":["Helper Functions","generateRandomString"],"duration":0,"failureDetails":[],"failureMessages":[],"fullName":"Helper Functions generateRandomString should generate different strings on each call","invocations":1,"location":null,"numPassingAsserts":1,"retryReasons":[],"status":"passed","title":"should generate different strings on each call"},{"ancestorTitles":["Helper Functions","generateRandomString"],"duration":0,"failureDetails":[],"failureMessages":[],"fullName":"Helper Functions generateRandomString should use default length of 32","invocations":1,"location":null,"numPassingAsserts":1,"retryReasons":[],"status":"passed","title":"should use default length of 32"},{"ancestorTitles":["Helper Functions","generateRandomString"],"duration":0,"failureDetails":[],"failureMessages":[],"fullName":"Helper Functions generateRandomString should only contain alphanumeric characters","invocations":1,"location":null,"numPassingAsserts":1,"retryReasons":[],"status":"passed","title":"should only contain alphanumeric characters"},{"ancestorTitles":["Helper Functions","generateOrderNumber"],"duration":1,"failureDetails":[],"failureMessages":[],"fullName":"Helper Functions generateOrderNumber should generate order number with correct format","invocations":1,"location":null,"numPassingAsserts":1,"retryReasons":[],"status":"passed","title":"should generate order number with correct format"},{"ancestorTitles":["Helper Functions","generateOrderNumber"],"duration":1,"failureDetails":[],"failureMessages":[],"fullName":"Helper Functions generateOrderNumber should include current date in order number","invocations":1,"location":null,"numPassingAsserts":1,"retryReasons":[],"status":"passed","title":"should include current date in order number"},{"ancestorTitles":["Helper Functions","generateOrderNumber"],"duration":1,"failureDetails":[],"failureMessages":[],"fullName":"Helper Functions generateOrderNumber should generate unique order numbers","invocations":1,"location":null,"numPassingAsserts":1,"retryReasons":[],"status":"passed","title":"should generate unique order numbers"},{"ancestorTitles":["Helper Functions","isValidEmail"],"duration":1,"failureDetails":[],"failureMessages":[],"fullName":"Helper Functions isValidEmail should validate correct email addresses","invocations":1,"location":null,"numPassingAsserts":3,"retryReasons":[],"status":"passed","title":"should validate correct email addresses"},{"ancestorTitles":["Helper Functions","isValidEmail"],"duration":0,"failureDetails":[],"failureMessages":[],"fullName":"Helper Functions isValidEmail should reject invalid email addresses","invocations":1,"location":null,"numPassingAsserts":4,"retryReasons":[],"status":"passed","title":"should reject invalid email addresses"},{"ancestorTitles":["Helper Functions","isValidEmail"],"duration":0,"failureDetails":[],"failureMessages":[],"fullName":"Helper Functions isValidEmail should handle empty strings","invocations":1,"location":null,"numPassingAsserts":1,"retryReasons":[],"status":"passed","title":"should handle empty strings"},{"ancestorTitles":["Helper Functions","calcDiscountPercent"],"duration":1,"failureDetails":[],"failureMessages":[],"fullName":"Helper Functions calcDiscountPercent should calculate discount percentage correctly","invocations":1,"location":null,"numPassingAsserts":2,"retryReasons":[],"status":"passed","title":"should calculate discount percentage correctly"},{"ancestorTitles":["Helper Functions","calcDiscountPercent"],"duration":1,"failureDetails":[],"failureMessages":[],"fullName":"Helper Functions calcDiscountPercent should return 0 if original price is 0 or less","invocations":1,"location":null,"numPassingAsserts":2,"retryReasons":[],"status":"passed","title":"should return 0 if original price is 0 or less"},{"ancestorTitles":["Helper Functions","calcDiscountPercent"],"duration":0,"failureDetails":[],"failureMessages":[],"fullName":"Helper Functions calcDiscountPercent should return 0 if discount price is equal or higher than original","invocations":1,"location":null,"numPassingAsserts":2,"retryReasons":[],"status":"passed","title":"should return 0 if discount price is equal or higher than original"},{"ancestorTitles":["Helper Functions","calcDiscountPercent"],"duration":0,"failureDetails":[],"failureMessages":[],"fullName":"Helper Functions calcDiscountPercent should round result to nearest integer","invocations":1,"location":null,"numPassingAsserts":1,"retryReasons":[],"status":"passed","title":"should round result to nearest integer"}],"endTime":1788317942339,"message":"\u001b[1m\u001b[31m  \u001b[1m● \u001b[22m\u001b[1mHelper Functions › slugify › should convert text to slug format\u001b[39m\u001b[22m\n\n    \u001b[2mexpect(\u001b[22m\u001b[31mreceived\u001b[39m\u001b[2m).\u001b[22mtoBe\u001b[2m(\u001b[22m\u001b[32mexpected\u001b[39m\u001b[2m) // Object.is equality\u001b[22m\n\n    Expected: \u001b[32m\"test\u001b[7m-\u001b[27m123\"\u001b[39m\n    Received: \u001b[31m\"test\u001b[7m_\u001b[27m123\"\u001b[39m\n\u001b[2m\u001b[22m\n\u001b[2m    \u001b[0m \u001b[90m 15 |\u001b[39m       expect(slugify(\u001b[32m'Hello World'\u001b[39m))\u001b[33m.\u001b[39mtoBe(\u001b[32m'hello-world'\u001b[39m)\u001b[33m;\u001b[39m\u001b[22m\n\u001b[2m     \u001b[90m 16 |\u001b[39m       expect(slugify(\u001b[32m'  Test  Slug  '\u001b[39m))\u001b[33m.\u001b[39mtoBe(\u001b[32m'test-slug'\u001b[39m)\u001b[33m;\u001b[39m\u001b[22m\n\u001b[2m    \u001b[31m\u001b[1m>\u001b[22m\u001b[2m\u001b[39m\u001b[90m 17 |\u001b[39m       expect(slugify(\u001b[32m'Test_123'\u001b[39m))\u001b[33m.\u001b[39mtoBe(\u001b[32m'test-123'\u001b[39m)\u001b[33m;\u001b[39m\u001b[22m\n\u001b[2m     \u001b[90m    |\u001b[39m                                   \u001b[31m\u001b[1m^\u001b[22m\u001b[2m\u001b[39m\u001b[22m\n\u001b[2m     \u001b[90m 18 |\u001b[39m     })\u001b[33m;\u001b[39m\u001b[22m\n\u001b[2m     \u001b[90m 19 |\u001b[39m\u001b[22m\n\u001b[2m     \u001b[90m 20 |\u001b[39m     it(\u001b[32m'should remove special characters'\u001b[39m\u001b[33m,\u001b[39m () \u001b[33m=>\u001b[39m {\u001b[0m\u001b[22m\n\u001b[2m\u001b[22m\n\u001b[2m      \u001b[2mat Object.<anonymous> (\u001b[22m\u001b[2m\u001b[0m\u001b[36msrc/__tests__/unit/utils/helpers.test.ts\u001b[39m\u001b[0m\u001b[2m:17:35)\u001b[22m\u001b[2m\u001b[22m\n\n\u001b[1m\u001b[31m  \u001b[1m● \u001b[22m\u001b[1mHelper Functions › parsePagination › should enforce minimum limit of 1\u001b[39m\u001b[22m\n\n    \u001b[2mexpect(\u001b[22m\u001b[31mreceived\u001b[39m\u001b[2m).\u001b[22mtoBe\u001b[2m(\u001b[22m\u001b[32mexpected\u001b[39m\u001b[2m) // Object.is equality\u001b[22m\n\n    Expected: \u001b[32m1\u001b[39m\n    Received: \u001b[31m10\u001b[39m\n\u001b[2m\u001b[22m\n\u001b[2m    \u001b[0m \u001b[90m 64 |\u001b[39m       \u001b[36mconst\u001b[39m result \u001b[33m=\u001b[39m parsePagination({ limit\u001b[33m:\u001b[39m \u001b[35m0\u001b[39m })\u001b[33m;\u001b[39m\u001b[22m\n\u001b[2m     \u001b[90m 65 |\u001b[39m\u001b[22m\n\u001b[2m    \u001b[31m\u001b[1m>\u001b[22m\u001b[2m\u001b[39m\u001b[90m 66 |\u001b[39m       expect(result\u001b[33m.\u001b[39mlimit)\u001b[33m.\u001b[39mtoBe(\u001b[35m1\u001b[39m)\u001b[33m;\u001b[39m\u001b[22m\n\u001b[2m     \u001b[90m    |\u001b[39m                            \u001b[31m\u001b[1m^\u001b[22m\u001b[2m\u001b[39m\u001b[22m\n\u001b[2m     \u001b[90m 67 |\u001b[39m     })\u001b[33m;\u001b[39m\u001b[22m\n\u001b[2m     \u001b[90m 68 |\u001b[39m\u001b[22m\n\u001b[2m     \u001b[90m 69 |\u001b[39m     it(\u001b[32m'should parse sort parameters'\u001b[39m\u001b[33m,\u001b[39m () \u001b[33m=>\u001b[39m {\u001b[0m\u001b[22m\n\u001b[2m\u001b[22m\n\u001b[2m      \u001b[2mat Object.<anonymous> (\u001b[22m\u001b[2m\u001b[0m\u001b[36msrc/__tests__/unit/utils/helpers.test.ts\u001b[39m\u001b[0m\u001b[2m:66:28)\u001b[22m\u001b[2m\u001b[22m\n","name":"C:\\Users\\Diwakar Sharma\\node-projects\\DevMart\\backend\\src\\__tests__\\unit\\utils\\helpers.test.ts","startTime":1788317940130,"status":"failed","summary":""},{"assertionResults":[{"ancestorTitles":["Custom Error Classes","ApiError"],"duration":1,"failureDetails":[],"failureMessages":[],"fullName":"Custom Error Classes ApiError should create error with status code and message","invocations":1,"location":null,"numPassingAsserts":3,"retryReasons":[],"status":"passed","title":"should create error with status code and message"},{"ancestorTitles":["Custom Error Classes","ApiError"],"duration":0,"failureDetails":[],"failureMessages":[],"fullName":"Custom Error Classes ApiError should set isOperational flag","invocations":1,"location":null,"numPassingAsserts":2,"retryReasons":[],"status":"passed","title":"should set isOperational flag"},{"ancestorTitles":["Custom Error Classes","ApiError"],"duration":0,"failureDetails":[],"failureMessages":[],"fullName":"Custom Error Classes ApiError should be an instance of Error","invocations":1,"location":null,"numPassingAsserts":1,"retryReasons":[],"status":"passed","title":"should be an instance of Error"},{"ancestorTitles":["Custom Error Classes","NotFoundError"],"duration":0,"failureDetails":[],"failureMessages":[],"fullName":"Custom Error Classes NotFoundError should have status code 404","invocations":1,"location":null,"numPassingAsserts":2,"retryReasons":[],"status":"passed","title":"should have status code 404"},{"ancestorTitles":["Custom Error Classes","NotFoundError"],"duration":0,"failureDetails":[],"failureMessages":[],"fullName":"Custom Error Classes NotFoundError should have default message","invocations":1,"location":null,"numPassingAsserts":1,"retryReasons":[],"status":"passed","title":"should have default message"},{"ancestorTitles":["Custom Error Classes","BadRequestError"],"duration":1,"failureDetails":[],"failureMessages":[],"fullName":"Custom Error Classes BadRequestError should have status code 400","invocations":1,"location":null,"numPassingAsserts":2,"retryReasons":[],"status":"passed","title":"should have status code 400"},{"ancestorTitles":["Custom Error Classes","BadRequestError"],"duration":1,"failureDetails":[],"failureMessages":[],"fullName":"Custom Error Classes BadRequestError should have default message","invocations":1,"location":null,"numPassingAsserts":1,"retryReasons":[],"status":"passed","title":"should have default message"},{"ancestorTitles":["Custom Error Classes","UnauthorizedError"],"duration":1,"failureDetails":[],"failureMessages":[],"fullName":"Custom Error Classes UnauthorizedError should have status code 401","invocations":1,"location":null,"numPassingAsserts":2,"retryReasons":[],"status":"passed","title":"should have status code 401"},{"ancestorTitles":["Custom Error Classes","UnauthorizedError"],"duration":1,"failureDetails":[],"failureMessages":[],"fullName":"Custom Error Classes UnauthorizedError should have default message","invocations":1,"location":null,"numPassingAsserts":1,"retryReasons":[],"status":"passed","title":"should have default message"},{"ancestorTitles":["Custom Error Classes","ForbiddenError"],"duration":0,"failureDetails":[],"failureMessages":[],"fullName":"Custom Error Classes ForbiddenError should have status code 403","invocations":1,"location":null,"numPassingAsserts":2,"retryReasons":[],"status":"passed","title":"should have status code 403"},{"ancestorTitles":["Custom Error Classes","ForbiddenError"],"duration":0,"failureDetails":[],"failureMessages":[],"fullName":"Custom Error Classes ForbiddenError should have default message","invocations":1,"location":null,"numPassingAsserts":1,"retryReasons":[],"status":"passed","title":"should have default message"},{"ancestorTitles":["Custom Error Classes","ConflictError"],"duration":0,"failureDetails":[],"failureMessages":[],"fullName":"Custom Error Classes ConflictError should have status code 409","invocations":1,"location":null,"numPassingAsserts":2,"retryReasons":[],"status":"passed","title":"should have status code 409"},{"ancestorTitles":["Custom Error Classes","ConflictError"],"duration":0,"failureDetails":[],"failureMessages":[],"fullName":"Custom Error Classes ConflictError should have default message","invocations":1,"location":null,"numPassingAsserts":1,"retryReasons":[],"status":"passed","title":"should have default message"},{"ancestorTitles":["Custom Error Classes","ValidationError"],"duration":1,"failureDetails":[],"failureMessages":[],"fullName":"Custom Error Classes ValidationError should have status code 422","invocations":1,"location":null,"numPassingAsserts":3,"retryReasons":[],"status":"passed","title":"should have status code 422"},{"ancestorTitles":["Custom Error Classes","ValidationError"],"duration":0,"failureDetails":[],"failureMessages":[],"fullName":"Custom Error Classes ValidationError should have default message","invocations":1,"location":null,"numPassingAsserts":1,"retryReasons":[],"status":"passed","title":"should have default message"},{"ancestorTitles":["Custom Error Classes","ValidationError"],"duration":1,"failureDetails":[],"failureMessages":[],"fullName":"Custom Error Classes ValidationError should store validation errors","invocations":1,"location":null,"numPassingAsserts":2,"retryReasons":[],"status":"passed","title":"should store validation errors"},{"ancestorTitles":["Custom Error Classes","InternalError"],"duration":1,"failureDetails":[],"failureMessages":[],"fullName":"Custom Error Classes InternalError should have status code 500","invocations":1,"location":null,"numPassingAsserts":2,"retryReasons":[],"status":"passed","title":"should have status code 500"},{"ancestorTitles":["Custom Error Classes","InternalError"],"duration":1,"failureDetails":[],"failureMessages":[],"fullName":"Custom Error Classes InternalError should have default message","invocations":1,"location":null,"numPassingAsserts":1,"retryReasons":[],"status":"passed","title":"should have default message"},{"ancestorTitles":["Custom Error Classes","InternalError"],"duration":0,"failureDetails":[],"failureMessages":[],"fullName":"Custom Error Classes InternalError should not be operational","invocations":1,"location":null,"numPassingAsserts":1,"retryReasons":[],"status":"passed","title":"should not be operational"}],"endTime":1788317942456,"message":"","name":"C:\\Users\\Diwakar Sharma\\node-projects\\DevMart\\backend\\src\\__tests__\\unit\\utils\\ApiError.test.ts","startTime":1788317942356,"status":"passed","summary":""},{"assertionResults":[],"coverage":{},"endTime":1788317951790,"message":"  \u001b[1m● \u001b[22mTest suite failed to run\n\n    \u001b[96msrc/__tests__/unit/utils/jwt.test.ts\u001b[0m:\u001b[93m29\u001b[0m:\u001b[93m41\u001b[0m - \u001b[91merror\u001b[0m\u001b[90m TS2345: \u001b[0mArgument of type '{ userId: number; email: string; role: string; }' is not assignable to parameter of type 'ITokenPayload'.\n      Types of property 'role' are incompatible.\n        Type 'string' is not assignable to type 'UserRole'.\n\n    \u001b[7m29\u001b[0m       const token = generateAccessToken(mockPayload);\n    \u001b[7m  \u001b[0m \u001b[91m                                        ~~~~~~~~~~~\u001b[0m\n    \u001b[96msrc/__tests__/unit/utils/jwt.test.ts\u001b[0m:\u001b[93m47\u001b[0m:\u001b[93m42\u001b[0m - \u001b[91merror\u001b[0m\u001b[90m TS2345: \u001b[0mArgument of type '{ userId: number; email: string; role: string; }' is not assignable to parameter of type 'ITokenPayload'.\n      Types of property 'role' are incompatible.\n        Type 'string' is not assignable to type 'UserRole'.\n\n    \u001b[7m47\u001b[0m       const token = generateRefreshToken(mockPayload);\n    \u001b[7m  \u001b[0m \u001b[91m                                         ~~~~~~~~~~~\u001b[0m\n    \u001b[96msrc/__tests__/unit/utils/jwt.test.ts\u001b[0m:\u001b[93m109\u001b[0m:\u001b[93m37\u001b[0m - \u001b[91merror\u001b[0m\u001b[90m TS2345: \u001b[0mArgument of type '{ userId: number; email: string; role: string; }' is not assignable to parameter of type 'ITokenPayload'.\n      Types of property 'role' are incompatible.\n        Type 'string' is not assignable to type 'UserRole'.\n\n    \u001b[7m109\u001b[0m       const tokens = generateTokens(mockPayload);\n    \u001b[7m   \u001b[0m \u001b[91m                                    ~~~~~~~~~~~\u001b[0m\n    \u001b[96msrc/__tests__/unit/utils/jwt.test.ts\u001b[0m:\u001b[93m126\u001b[0m:\u001b[93m37\u001b[0m - \u001b[91merror\u001b[0m\u001b[90m TS2345: \u001b[0mArgument of type '{ userId: number; email: string; role: string; }' is not assignable to parameter of type 'ITokenPayload'.\n      Types of property 'role' are incompatible.\n        Type 'string' is not assignable to type 'UserRole'.\n\n    \u001b[7m126\u001b[0m       const tokens = generateTokens(mockPayload);\n    \u001b[7m   \u001b[0m \u001b[91m                                    ~~~~~~~~~~~\u001b[0m\n","name":"C:\\Users\\Diwakar Sharma\\node-projects\\DevMart\\backend\\src\\__tests__\\unit\\utils\\jwt.test.ts","startTime":1788317951790,"status":"failed","summary":""},{"assertionResults":[],"coverage":{},"endTime":1788317951790,"message":"  \u001b[1m● \u001b[22mTest suite failed to run\n\n    \u001b[96msrc/__tests__/unit/services/wishlist.service.test.ts\u001b[0m:\u001b[93m3\u001b[0m:\u001b[93m10\u001b[0m - \u001b[91merror\u001b[0m\u001b[90m TS6133: \u001b[0m'NotFoundError' is declared but its value is never read.\n\n    \u001b[7m3\u001b[0m import { NotFoundError, ConflictError } from '../../../utils/ApiError';\n    \u001b[7m \u001b[0m \u001b[91m         ~~~~~~~~~~~~~\u001b[0m\n    \u001b[96msrc/__tests__/unit/services/wishlist.service.test.ts\u001b[0m:\u001b[93m24\u001b[0m:\u001b[93m44\u001b[0m - \u001b[91merror\u001b[0m\u001b[90m TS2339: \u001b[0mProperty 'getWishlist' does not exist on type 'WishlistService'.\n\n    \u001b[7m24\u001b[0m       const result = await wishlistService.getWishlist(1);\n    \u001b[7m  \u001b[0m \u001b[91m                                           ~~~~~~~~~~~\u001b[0m\n    \u001b[96msrc/__tests__/unit/services/wishlist.service.test.ts\u001b[0m:\u001b[93m32\u001b[0m:\u001b[93m44\u001b[0m - \u001b[91merror\u001b[0m\u001b[90m TS2339: \u001b[0mProperty 'getWishlist' does not exist on type 'WishlistService'.\n\n    \u001b[7m32\u001b[0m       const result = await wishlistService.getWishlist(1);\n    \u001b[7m  \u001b[0m \u001b[91m                                           ~~~~~~~~~~~\u001b[0m\n    \u001b[96msrc/__tests__/unit/services/wishlist.service.test.ts\u001b[0m:\u001b[93m44\u001b[0m:\u001b[93m25\u001b[0m - \u001b[91merror\u001b[0m\u001b[90m TS2339: \u001b[0mProperty 'addItem' does not exist on type 'WishlistService'.\n\n    \u001b[7m44\u001b[0m         wishlistService.addItem(1, 1)\n    \u001b[7m  \u001b[0m \u001b[91m                        ~~~~~~~\u001b[0m\n    \u001b[96msrc/__tests__/unit/services/wishlist.service.test.ts\u001b[0m:\u001b[93m52\u001b[0m:\u001b[93m25\u001b[0m - \u001b[91merror\u001b[0m\u001b[90m TS2339: \u001b[0mProperty 'addItem' does not exist on type 'WishlistService'.\n\n    \u001b[7m52\u001b[0m         wishlistService.addItem(1, 1)\n    \u001b[7m  \u001b[0m \u001b[91m                        ~~~~~~~\u001b[0m\n    \u001b[96msrc/__tests__/unit/services/wishlist.service.test.ts\u001b[0m:\u001b[93m62\u001b[0m:\u001b[93m25\u001b[0m - \u001b[91merror\u001b[0m\u001b[90m TS2339: \u001b[0mProperty 'removeItem' does not exist on type 'WishlistService'.\n\n    \u001b[7m62\u001b[0m         wishlistService.removeItem(1, 1)\n    \u001b[7m  \u001b[0m \u001b[91m                        ~~~~~~~~~~\u001b[0m\n    \u001b[96msrc/__tests__/unit/services/wishlist.service.test.ts\u001b[0m:\u001b[93m72\u001b[0m:\u001b[93m25\u001b[0m - \u001b[91merror\u001b[0m\u001b[90m TS2339: \u001b[0mProperty 'clearWishlist' does not exist on type 'WishlistService'.\n\n    \u001b[7m72\u001b[0m         wishlistService.clearWishlist(1)\n    \u001b[7m  \u001b[0m \u001b[91m                        ~~~~~~~~~~~~~\u001b[0m\n","name":"C:\\Users\\Diwakar Sharma\\node-projects\\DevMart\\backend\\src\\__tests__\\unit\\services\\wishlist.service.test.ts","startTime":1788317951790,"status":"failed","summary":""},{"assertionResults":[],"coverage":{},"endTime":1788317951790,"message":"  \u001b[1m● \u001b[22mTest suite failed to run\n\n    \u001b[96msrc/__tests__/unit/services/user.service.test.ts\u001b[0m:\u001b[93m3\u001b[0m:\u001b[93m20\u001b[0m - \u001b[91merror\u001b[0m\u001b[90m TS6133: \u001b[0m'mockUserPublic' is declared but its value is never read.\n\n    \u001b[7m3\u001b[0m import { mockUser, mockUserPublic } from '../../setup';\n    \u001b[7m \u001b[0m \u001b[91m                   ~~~~~~~~~~~~~~\u001b[0m\n    \u001b[96msrc/__tests__/unit/services/user.service.test.ts\u001b[0m:\u001b[93m79\u001b[0m:\u001b[93m40\u001b[0m - \u001b[91merror\u001b[0m\u001b[90m TS2339: \u001b[0mProperty 'getProfile' does not exist on type 'UserService'.\n\n    \u001b[7m79\u001b[0m       const result = await userService.getProfile(1);\n    \u001b[7m  \u001b[0m \u001b[91m                                       ~~~~~~~~~~\u001b[0m\n    \u001b[96msrc/__tests__/unit/services/user.service.test.ts\u001b[0m:\u001b[93m100\u001b[0m:\u001b[93m40\u001b[0m - \u001b[91merror\u001b[0m\u001b[90m TS2551: \u001b[0mProperty 'updateProfile' does not exist on type 'UserService'. Did you mean 'updateRole'?\n\n    \u001b[7m100\u001b[0m       const result = await userService.updateProfile(1, updateData);\n    \u001b[7m   \u001b[0m \u001b[91m                                       ~~~~~~~~~~~~~\u001b[0m\n\n      \u001b[96msrc/services/user.service.ts\u001b[0m:\u001b[93m82\u001b[0m:\u001b[93m9\u001b[0m\n        \u001b[7m82\u001b[0m   async updateRole(id: number, role: 'user' | 'admin') {\n        \u001b[7m  \u001b[0m \u001b[96m        ~~~~~~~~~~\u001b[0m\n        'updateRole' is declared here.\n    \u001b[96msrc/__tests__/unit/services/user.service.test.ts\u001b[0m:\u001b[93m117\u001b[0m:\u001b[93m20\u001b[0m - \u001b[91merror\u001b[0m\u001b[90m TS2339: \u001b[0mProperty 'is_active' does not exist on type '{ id: number; email: string; password: string; firstName: string; lastName: string; phone: string; dateOfBirth: string; gender: string; profileImage: null; isVerified: boolean; status: string; createdAt: Date; updatedAt: Date; }'.\n\n    \u001b[7m117\u001b[0m         [!mockUser.is_active, 1]\n    \u001b[7m   \u001b[0m \u001b[91m                   ~~~~~~~~~\u001b[0m\n    \u001b[96msrc/__tests__/unit/services/user.service.test.ts\u001b[0m:\u001b[93m133\u001b[0m:\u001b[93m32\u001b[0m - \u001b[91merror\u001b[0m\u001b[90m TS2339: \u001b[0mProperty 'deleteUser' does not exist on type 'UserService'.\n\n    \u001b[7m133\u001b[0m       await expect(userService.deleteUser(1)).resolves.not.toThrow();\n    \u001b[7m   \u001b[0m \u001b[91m                               ~~~~~~~~~~\u001b[0m\n    \u001b[96msrc/__tests__/unit/services/user.service.test.ts\u001b[0m:\u001b[93m140\u001b[0m:\u001b[93m32\u001b[0m - \u001b[91merror\u001b[0m\u001b[90m TS2339: \u001b[0mProperty 'deleteUser' does not exist on type 'UserService'.\n\n    \u001b[7m140\u001b[0m       await expect(userService.deleteUser(999)).rejects.toThrow(NotFoundError);\n    \u001b[7m   \u001b[0m \u001b[91m                               ~~~~~~~~~~\u001b[0m\n","name":"C:\\Users\\Diwakar Sharma\\node-projects\\DevMart\\backend\\src\\__tests__\\unit\\services\\user.service.test.ts","startTime":1788317951790,"status":"failed","summary":""},{"assertionResults":[],"coverage":{},"endTime":1788317951790,"message":"  \u001b[1m● \u001b[22mTest suite failed to run\n\n    \u001b[96msrc/__tests__/unit/services/review.service.test.ts\u001b[0m:\u001b[93m29\u001b[0m:\u001b[93m42\u001b[0m - \u001b[91merror\u001b[0m\u001b[90m TS2339: \u001b[0mProperty 'getById' does not exist on type 'ReviewService'.\n\n    \u001b[7m29\u001b[0m       const result = await reviewService.getById(1);\n    \u001b[7m  \u001b[0m \u001b[91m                                         ~~~~~~~\u001b[0m\n    \u001b[96msrc/__tests__/unit/services/review.service.test.ts\u001b[0m:\u001b[93m38\u001b[0m:\u001b[93m34\u001b[0m - \u001b[91merror\u001b[0m\u001b[90m TS2339: \u001b[0mProperty 'getById' does not exist on type 'ReviewService'.\n\n    \u001b[7m38\u001b[0m       await expect(reviewService.getById(999)).rejects.toThrow(NotFoundError);\n    \u001b[7m  \u001b[0m \u001b[91m                                 ~~~~~~~\u001b[0m\n    \u001b[96msrc/__tests__/unit/services/review.service.test.ts\u001b[0m:\u001b[93m55\u001b[0m:\u001b[93m42\u001b[0m - \u001b[91merror\u001b[0m\u001b[90m TS2554: \u001b[0mExpected 3 arguments, but got 1.\n\n    \u001b[7m55\u001b[0m       const result = await reviewService.create(newReview);\n    \u001b[7m  \u001b[0m \u001b[91m                                         ~~~~~~\u001b[0m\n\n      \u001b[96msrc/services/review.service.ts\u001b[0m:\u001b[93m53\u001b[0m:\u001b[93m32\u001b[0m\n        \u001b[7m53\u001b[0m   async create(userId: number, productId: number, data: {\n        \u001b[7m  \u001b[0m \u001b[96m                               ~~~~~~~~~~~~~~~~~\u001b[0m\n        An argument for 'productId' was not provided.\n    \u001b[96msrc/__tests__/unit/services/review.service.test.ts\u001b[0m:\u001b[93m69\u001b[0m:\u001b[93m34\u001b[0m - \u001b[91merror\u001b[0m\u001b[90m TS2554: \u001b[0mExpected 3 arguments, but got 1.\n\n    \u001b[7m69\u001b[0m       await expect(reviewService.create(newReview)).rejects.toThrow(BadRequestError);\n    \u001b[7m  \u001b[0m \u001b[91m                                 ~~~~~~\u001b[0m\n\n      \u001b[96msrc/services/review.service.ts\u001b[0m:\u001b[93m53\u001b[0m:\u001b[93m32\u001b[0m\n        \u001b[7m53\u001b[0m   async create(userId: number, productId: number, data: {\n        \u001b[7m  \u001b[0m \u001b[96m                               ~~~~~~~~~~~~~~~~~\u001b[0m\n        An argument for 'productId' was not provided.\n    \u001b[96msrc/__tests__/unit/services/review.service.test.ts\u001b[0m:\u001b[93m69\u001b[0m:\u001b[93m69\u001b[0m - \u001b[91merror\u001b[0m\u001b[90m TS2304: \u001b[0mCannot find name 'BadRequestError'.\n\n    \u001b[7m69\u001b[0m       await expect(reviewService.create(newReview)).rejects.toThrow(BadRequestError);\n    \u001b[7m  \u001b[0m \u001b[91m                                                                    ~~~~~~~~~~~~~~~\u001b[0m\n    \u001b[96msrc/__tests__/unit/services/review.service.test.ts\u001b[0m:\u001b[93m81\u001b[0m:\u001b[93m42\u001b[0m - \u001b[91merror\u001b[0m\u001b[90m TS2554: \u001b[0mExpected 3 arguments, but got 2.\n\n    \u001b[7m81\u001b[0m       const result = await reviewService.update(1, updateData);\n    \u001b[7m  \u001b[0m \u001b[91m                                         ~~~~~~\u001b[0m\n\n      \u001b[96msrc/services/review.service.ts\u001b[0m:\u001b[93m89\u001b[0m:\u001b[93m50\u001b[0m\n        \u001b[7m 89\u001b[0m   async update(reviewId: number, userId: number, data: {\n        \u001b[7m   \u001b[0m \u001b[96m                                                 ~~~~~~~\u001b[0m\n        \u001b[7m 90\u001b[0m     rating?: number;\n        \u001b[7m   \u001b[0m \u001b[96m~~~~~~~~~~~~~~~~~~~~\u001b[0m\n        \u001b[7m...\u001b[0m \n        \u001b[7m 92\u001b[0m     comment?: string;\n        \u001b[7m   \u001b[0m \u001b[96m~~~~~~~~~~~~~~~~~~~~~\u001b[0m\n        \u001b[7m 93\u001b[0m   }) {\n        \u001b[7m   \u001b[0m \u001b[96m~~~\u001b[0m\n        An argument for 'data' was not provided.\n    \u001b[96msrc/__tests__/unit/services/review.service.test.ts\u001b[0m:\u001b[93m92\u001b[0m:\u001b[93m34\u001b[0m - \u001b[91merror\u001b[0m\u001b[90m TS2554: \u001b[0mExpected 2-3 arguments, but got 1.\n\n    \u001b[7m92\u001b[0m       await expect(reviewService.delete(1)).resolves.not.toThrow();\n    \u001b[7m  \u001b[0m \u001b[91m                                 ~~~~~~\u001b[0m\n\n      \u001b[96msrc/services/review.service.ts\u001b[0m:\u001b[93m133\u001b[0m:\u001b[93m34\u001b[0m\n        \u001b[7m133\u001b[0m   async delete(reviewId: number, userId: number, isAdmin = false) {\n        \u001b[7m   \u001b[0m \u001b[96m                                 ~~~~~~~~~~~~~~\u001b[0m\n        An argument for 'userId' was not provided.\n    \u001b[96msrc/__tests__/unit/services/review.service.test.ts\u001b[0m:\u001b[93m100\u001b[0m:\u001b[93m42\u001b[0m - \u001b[91merror\u001b[0m\u001b[90m TS2339: \u001b[0mProperty 'getAverageRating' does not exist on type 'ReviewService'.\n\n    \u001b[7m100\u001b[0m       const result = await reviewService.getAverageRating(1);\n    \u001b[7m   \u001b[0m \u001b[91m                                         ~~~~~~~~~~~~~~~~\u001b[0m\n","name":"C:\\Users\\Diwakar Sharma\\node-projects\\DevMart\\backend\\src\\__tests__\\unit\\services\\review.service.test.ts","startTime":1788317951790,"status":"failed","summary":""},{"assertionResults":[],"coverage":{},"endTime":1788317951790,"message":"  \u001b[1m● \u001b[22mTest suite failed to run\n\n    \u001b[96msrc/__tests__/unit/services/product.service.test.ts\u001b[0m:\u001b[93m30\u001b[0m:\u001b[93m52\u001b[0m - \u001b[91merror\u001b[0m\u001b[90m TS2561: \u001b[0mObject literal may only specify known properties, but 'categoryId' does not exist in type 'ProductFilterQuery'. Did you mean to write 'category'?\n\n    \u001b[7m30\u001b[0m       const result = await productService.getAll({ categoryId: 1 });\n    \u001b[7m  \u001b[0m \u001b[91m                                                   ~~~~~~~~~~\u001b[0m\n    \u001b[96msrc/__tests__/unit/services/product.service.test.ts\u001b[0m:\u001b[93m40\u001b[0m:\u001b[93m52\u001b[0m - \u001b[91merror\u001b[0m\u001b[90m TS2561: \u001b[0mObject literal may only specify known properties, but 'brandId' does not exist in type 'ProductFilterQuery'. Did you mean to write 'brand'?\n\n    \u001b[7m40\u001b[0m       const result = await productService.getAll({ brandId: 1 });\n    \u001b[7m  \u001b[0m \u001b[91m                                                   ~~~~~~~\u001b[0m\n","name":"C:\\Users\\Diwakar Sharma\\node-projects\\DevMart\\backend\\src\\__tests__\\unit\\services\\product.service.test.ts","startTime":1788317951790,"status":"failed","summary":""},{"assertionResults":[],"coverage":{},"endTime":1788317951790,"message":"  \u001b[1m● \u001b[22mTest suite failed to run\n\n    \u001b[96msrc/__tests__/unit/services/order.service.test.ts\u001b[0m:\u001b[93m21\u001b[0m:\u001b[93m11\u001b[0m - \u001b[91merror\u001b[0m\u001b[90m TS2551: \u001b[0mProperty 'getConnection' does not exist on type 'Database'. Did you mean 'testConnection'?\n\n    \u001b[7m21\u001b[0m       (db.getConnection as jest.Mock).mockResolvedValueOnce({\n    \u001b[7m  \u001b[0m \u001b[91m          ~~~~~~~~~~~~~\u001b[0m\n\n      \u001b[96msrc/config/database.ts\u001b[0m:\u001b[93m68\u001b[0m:\u001b[93m8\u001b[0m\n        \u001b[7m68\u001b[0m  async testConnection(): Promise<boolean> {\n        \u001b[7m  \u001b[0m \u001b[96m       ~~~~~~~~~~~~~~\u001b[0m\n        'testConnection' is declared here.\n    \u001b[96msrc/__tests__/unit/services/order.service.test.ts\u001b[0m:\u001b[93m29\u001b[0m:\u001b[93m41\u001b[0m - \u001b[91merror\u001b[0m\u001b[90m TS2339: \u001b[0mProperty 'createOrder' does not exist on type 'OrderService'.\n\n    \u001b[7m29\u001b[0m       const result = await orderService.createOrder(createOrderData);\n    \u001b[7m  \u001b[0m \u001b[91m                                        ~~~~~~~~~~~\u001b[0m\n    \u001b[96msrc/__tests__/unit/services/order.service.test.ts\u001b[0m:\u001b[93m46\u001b[0m:\u001b[93m11\u001b[0m - \u001b[91merror\u001b[0m\u001b[90m TS2551: \u001b[0mProperty 'getConnection' does not exist on type 'Database'. Did you mean 'testConnection'?\n\n    \u001b[7m46\u001b[0m       (db.getConnection as jest.Mock).mockResolvedValueOnce(mockConn);\n    \u001b[7m  \u001b[0m \u001b[91m          ~~~~~~~~~~~~~\u001b[0m\n\n      \u001b[96msrc/config/database.ts\u001b[0m:\u001b[93m68\u001b[0m:\u001b[93m8\u001b[0m\n        \u001b[7m68\u001b[0m  async testConnection(): Promise<boolean> {\n        \u001b[7m  \u001b[0m \u001b[96m       ~~~~~~~~~~~~~~\u001b[0m\n        'testConnection' is declared here.\n    \u001b[96msrc/__tests__/unit/services/order.service.test.ts\u001b[0m:\u001b[93m49\u001b[0m:\u001b[93m22\u001b[0m - \u001b[91merror\u001b[0m\u001b[90m TS2339: \u001b[0mProperty 'createOrder' does not exist on type 'OrderService'.\n\n    \u001b[7m49\u001b[0m         orderService.createOrder(createOrderData)\n    \u001b[7m  \u001b[0m \u001b[91m                     ~~~~~~~~~~~\u001b[0m\n    \u001b[96msrc/__tests__/unit/services/order.service.test.ts\u001b[0m:\u001b[93m58\u001b[0m:\u001b[93m41\u001b[0m - \u001b[91merror\u001b[0m\u001b[90m TS2339: \u001b[0mProperty 'getOrder' does not exist on type 'OrderService'.\n\n    \u001b[7m58\u001b[0m       const result = await orderService.getOrder(1);\n    \u001b[7m  \u001b[0m \u001b[91m                                        ~~~~~~~~\u001b[0m\n    \u001b[96msrc/__tests__/unit/services/order.service.test.ts\u001b[0m:\u001b[93m66\u001b[0m:\u001b[93m33\u001b[0m - \u001b[91merror\u001b[0m\u001b[90m TS2339: \u001b[0mProperty 'getOrder' does not exist on type 'OrderService'.\n\n    \u001b[7m66\u001b[0m       await expect(orderService.getOrder(999)).rejects.toThrow(NotFoundError);\n    \u001b[7m  \u001b[0m \u001b[91m                                ~~~~~~~~\u001b[0m\n    \u001b[96msrc/__tests__/unit/services/order.service.test.ts\u001b[0m:\u001b[93m88\u001b[0m:\u001b[93m22\u001b[0m - \u001b[91merror\u001b[0m\u001b[90m TS2551: \u001b[0mProperty 'updateOrderStatus' does not exist on type 'OrderService'. Did you mean 'updateStatus'?\n\n    \u001b[7m88\u001b[0m         orderService.updateOrderStatus(1, 'shipped')\n    \u001b[7m  \u001b[0m \u001b[91m                     ~~~~~~~~~~~~~~~~~\u001b[0m\n\n      \u001b[96msrc/services/order.service.ts\u001b[0m:\u001b[93m687\u001b[0m:\u001b[93m9\u001b[0m\n        \u001b[7m687\u001b[0m   async updateStatus(orderId: number, status: string, _adminId: number, _notes?: string) {\n        \u001b[7m   \u001b[0m \u001b[96m        ~~~~~~~~~~~~\u001b[0m\n        'updateStatus' is declared here.\n    \u001b[96msrc/__tests__/unit/services/order.service.test.ts\u001b[0m:\u001b[93m99\u001b[0m:\u001b[93m22\u001b[0m - \u001b[91merror\u001b[0m\u001b[90m TS2554: \u001b[0mExpected 2 arguments, but got 1.\n\n    \u001b[7m99\u001b[0m         orderService.cancelOrder(1)\n    \u001b[7m  \u001b[0m \u001b[91m                     ~~~~~~~~~~~\u001b[0m\n\n      \u001b[96msrc/services/order.service.ts\u001b[0m:\u001b[93m770\u001b[0m:\u001b[93m38\u001b[0m\n        \u001b[7m770\u001b[0m   async cancelOrder(orderId: number, userId: number) {\n        \u001b[7m   \u001b[0m \u001b[96m                                     ~~~~~~~~~~~~~~\u001b[0m\n        An argument for 'userId' was not provided.\n","name":"C:\\Users\\Diwakar Sharma\\node-projects\\DevMart\\backend\\src\\__tests__\\unit\\services\\order.service.test.ts","startTime":1788317951790,"status":"failed","summary":""},{"assertionResults":[],"coverage":{},"endTime":1788317951790,"message":"  \u001b[1m● \u001b[22mTest suite failed to run\n\n    \u001b[96msrc/__tests__/unit/services/category.service.test.ts\u001b[0m:\u001b[93m65\u001b[0m:\u001b[93m73\u001b[0m - \u001b[91merror\u001b[0m\u001b[90m TS2304: \u001b[0mCannot find name 'ConflictError'.\n\n    \u001b[7m65\u001b[0m       await expect(categoryService.create(newCategory)).rejects.toThrow(ConflictError);\n    \u001b[7m  \u001b[0m \u001b[91m                                                                        ~~~~~~~~~~~~~\u001b[0m\n","name":"C:\\Users\\Diwakar Sharma\\node-projects\\DevMart\\backend\\src\\__tests__\\unit\\services\\category.service.test.ts","startTime":1788317951790,"status":"failed","summary":""},{"assertionResults":[],"coverage":{},"endTime":1788317951790,"message":"  \u001b[1m● \u001b[22mTest suite failed to run\n\n    \u001b[96msrc/__tests__/unit/services/cart.service.test.ts\u001b[0m:\u001b[93m39\u001b[0m:\u001b[93m21\u001b[0m - \u001b[91merror\u001b[0m\u001b[90m TS2554: \u001b[0mExpected 4 arguments, but got 3.\n\n    \u001b[7m39\u001b[0m         cartService.addItem(1, 1, 2)\n    \u001b[7m  \u001b[0m \u001b[91m                    ~~~~~~~\u001b[0m\n\n      \u001b[96msrc/services/cart.service.ts\u001b[0m:\u001b[93m84\u001b[0m:\u001b[93m78\u001b[0m\n        \u001b[7m84\u001b[0m   async addItem(userId: number, productId: number, variantId: number | null, quantity: number) {\n        \u001b[7m  \u001b[0m \u001b[96m                                                                             ~~~~~~~~~~~~~~~~\u001b[0m\n        An argument for 'quantity' was not provided.\n    \u001b[96msrc/__tests__/unit/services/cart.service.test.ts\u001b[0m:\u001b[93m47\u001b[0m:\u001b[93m21\u001b[0m - \u001b[91merror\u001b[0m\u001b[90m TS2554: \u001b[0mExpected 4 arguments, but got 3.\n\n    \u001b[7m47\u001b[0m         cartService.addItem(1, 999, 2)\n    \u001b[7m  \u001b[0m \u001b[91m                    ~~~~~~~\u001b[0m\n\n      \u001b[96msrc/services/cart.service.ts\u001b[0m:\u001b[93m84\u001b[0m:\u001b[93m78\u001b[0m\n        \u001b[7m84\u001b[0m   async addItem(userId: number, productId: number, variantId: number | null, quantity: number) {\n        \u001b[7m  \u001b[0m \u001b[96m                                                                             ~~~~~~~~~~~~~~~~\u001b[0m\n        An argument for 'quantity' was not provided.\n    \u001b[96msrc/__tests__/unit/services/cart.service.test.ts\u001b[0m:\u001b[93m56\u001b[0m:\u001b[93m21\u001b[0m - \u001b[91merror\u001b[0m\u001b[90m TS2554: \u001b[0mExpected 4 arguments, but got 3.\n\n    \u001b[7m56\u001b[0m         cartService.addItem(1, 1, 10)\n    \u001b[7m  \u001b[0m \u001b[91m                    ~~~~~~~\u001b[0m\n\n      \u001b[96msrc/services/cart.service.ts\u001b[0m:\u001b[93m84\u001b[0m:\u001b[93m78\u001b[0m\n        \u001b[7m84\u001b[0m   async addItem(userId: number, productId: number, variantId: number | null, quantity: number) {\n        \u001b[7m  \u001b[0m \u001b[96m                                                                             ~~~~~~~~~~~~~~~~\u001b[0m\n        An argument for 'quantity' was not provided.\n","name":"C:\\Users\\Diwakar Sharma\\node-projects\\DevMart\\backend\\src\\__tests__\\unit\\services\\cart.service.test.ts","startTime":1788317951790,"status":"failed","summary":""},{"assertionResults":[],"coverage":{},"endTime":1788317951790,"message":"  \u001b[1m● \u001b[22mTest suite failed to run\n\n    \u001b[96msrc/__tests__/unit/services/brand.service.test.ts\u001b[0m:\u001b[93m18\u001b[0m:\u001b[93m41\u001b[0m - \u001b[91merror\u001b[0m\u001b[90m TS2554: \u001b[0mExpected 1 arguments, but got 0.\n\n    \u001b[7m18\u001b[0m       const result = await brandService.getAll();\n    \u001b[7m  \u001b[0m \u001b[91m                                        ~~~~~~\u001b[0m\n\n      \u001b[96msrc/services/brand.service.ts\u001b[0m:\u001b[93m14\u001b[0m:\u001b[93m16\u001b[0m\n        \u001b[7m14\u001b[0m   async getAll(query: PaginationQuery & { search?: string }) {\n        \u001b[7m  \u001b[0m \u001b[96m               ~~~~~~~~~~~~~~~~~~~~~~~~~~~~~~~~~~~~~~~~~~~~\u001b[0m\n        An argument for 'query' was not provided.\n    \u001b[96msrc/__tests__/unit/services/brand.service.test.ts\u001b[0m:\u001b[93m65\u001b[0m:\u001b[93m67\u001b[0m - \u001b[91merror\u001b[0m\u001b[90m TS2304: \u001b[0mCannot find name 'ConflictError'.\n\n    \u001b[7m65\u001b[0m       await expect(brandService.create(newBrand)).rejects.toThrow(ConflictError);\n    \u001b[7m  \u001b[0m \u001b[91m                                                                  ~~~~~~~~~~~~~\u001b[0m\n","name":"C:\\Users\\Diwakar Sharma\\node-projects\\DevMart\\backend\\src\\__tests__\\unit\\services\\brand.service.test.ts","startTime":1788317951790,"status":"failed","summary":""},{"assertionResults":[],"coverage":{},"endTime":1788317951790,"message":"  \u001b[1m● \u001b[22mTest suite failed to run\n\n    \u001b[96msrc/__tests__/unit/services/auth.service.test.ts\u001b[0m:\u001b[93m109\u001b[0m:\u001b[93m39\u001b[0m - \u001b[91merror\u001b[0m\u001b[90m TS2345: \u001b[0mArgument of type 'number' is not assignable to parameter of type 'string'.\n\n    \u001b[7m109\u001b[0m       await expect(authService.logout(1)).resolves.not.toThrow();\n    \u001b[7m   \u001b[0m \u001b[91m                                      ~\u001b[0m\n    \u001b[96msrc/__tests__/unit/services/auth.service.test.ts\u001b[0m:\u001b[93m129\u001b[0m:\u001b[93m21\u001b[0m - \u001b[91merror\u001b[0m\u001b[90m TS2339: \u001b[0mProperty 'accessToken' does not exist on type '{ tokens: { accessToken: string; refreshToken: string; }; }'.\n\n    \u001b[7m129\u001b[0m       expect(result.accessToken).toBeDefined();\n    \u001b[7m   \u001b[0m \u001b[91m                    ~~~~~~~~~~~\u001b[0m\n    \u001b[96msrc/__tests__/unit/services/auth.service.test.ts\u001b[0m:\u001b[93m130\u001b[0m:\u001b[93m21\u001b[0m - \u001b[91merror\u001b[0m\u001b[90m TS2339: \u001b[0mProperty 'refreshToken' does not exist on type '{ tokens: { accessToken: string; refreshToken: string; }; }'.\n\n    \u001b[7m130\u001b[0m       expect(result.refreshToken).toBeDefined();\n    \u001b[7m   \u001b[0m \u001b[91m                    ~~~~~~~~~~~~\u001b[0m\n","name":"C:\\Users\\Diwakar Sharma\\node-projects\\DevMart\\backend\\src\\__tests__\\unit\\services\\auth.service.test.ts","startTime":1788317951790,"status":"failed","summary":""},{"assertionResults":[],"coverage":{},"endTime":1788317951790,"message":"  \u001b[1m● \u001b[22mTest suite failed to run\n\n    \u001b[96msrc/__tests__/unit/services/address.service.test.ts\u001b[0m:\u001b[93m18\u001b[0m:\u001b[93m43\u001b[0m - \u001b[91merror\u001b[0m\u001b[90m TS2339: \u001b[0mProperty 'getUserAddresses' does not exist on type 'AddressService'.\n\n    \u001b[7m18\u001b[0m       const result = await addressService.getUserAddresses(1);\n    \u001b[7m  \u001b[0m \u001b[91m                                          ~~~~~~~~~~~~~~~~\u001b[0m\n    \u001b[96msrc/__tests__/unit/services/address.service.test.ts\u001b[0m:\u001b[93m28\u001b[0m:\u001b[93m43\u001b[0m - \u001b[91merror\u001b[0m\u001b[90m TS2554: \u001b[0mExpected 2 arguments, but got 1.\n\n    \u001b[7m28\u001b[0m       const result = await addressService.getById(1);\n    \u001b[7m  \u001b[0m \u001b[91m                                          ~~~~~~~\u001b[0m\n\n      \u001b[96msrc/services/address.service.ts\u001b[0m:\u001b[93m15\u001b[0m:\u001b[93m29\u001b[0m\n        \u001b[7m15\u001b[0m   async getById(id: number, userId: number) {\n        \u001b[7m  \u001b[0m \u001b[96m                            ~~~~~~~~~~~~~~\u001b[0m\n        An argument for 'userId' was not provided.\n    \u001b[96msrc/__tests__/unit/services/address.service.test.ts\u001b[0m:\u001b[93m37\u001b[0m:\u001b[93m35\u001b[0m - \u001b[91merror\u001b[0m\u001b[90m TS2554: \u001b[0mExpected 2 arguments, but got 1.\n\n    \u001b[7m37\u001b[0m       await expect(addressService.getById(999)).rejects.toThrow(NotFoundError);\n    \u001b[7m  \u001b[0m \u001b[91m                                  ~~~~~~~\u001b[0m\n\n      \u001b[96msrc/services/address.service.ts\u001b[0m:\u001b[93m15\u001b[0m:\u001b[93m29\u001b[0m\n        \u001b[7m15\u001b[0m   async getById(id: number, userId: number) {\n        \u001b[7m  \u001b[0m \u001b[96m                            ~~~~~~~~~~~~~~\u001b[0m\n        An argument for 'userId' was not provided.\n    \u001b[96msrc/__tests__/unit/services/address.service.test.ts\u001b[0m:\u001b[93m57\u001b[0m:\u001b[93m43\u001b[0m - \u001b[91merror\u001b[0m\u001b[90m TS2554: \u001b[0mExpected 2 arguments, but got 1.\n\n    \u001b[7m57\u001b[0m       const result = await addressService.create(newAddress);\n    \u001b[7m  \u001b[0m \u001b[91m                                          ~~~~~~\u001b[0m\n\n      \u001b[96msrc/services/address.service.ts\u001b[0m:\u001b[93m29\u001b[0m:\u001b[93m32\u001b[0m\n        \u001b[7m 29\u001b[0m   async create(userId: number, data: {\n        \u001b[7m   \u001b[0m \u001b[96m                               ~~~~~~~\u001b[0m\n        \u001b[7m 30\u001b[0m     address_type?: string;\n        \u001b[7m   \u001b[0m \u001b[96m~~~~~~~~~~~~~~~~~~~~~~~~~~\u001b[0m\n        \u001b[7m...\u001b[0m \n        \u001b[7m 39\u001b[0m     is_default?: boolean;\n        \u001b[7m   \u001b[0m \u001b[96m~~~~~~~~~~~~~~~~~~~~~~~~~\u001b[0m\n        \u001b[7m 40\u001b[0m   }) {\n        \u001b[7m   \u001b[0m \u001b[96m~~~\u001b[0m\n        An argument for 'data' was not provided.\n    \u001b[96msrc/__tests__/unit/services/address.service.test.ts\u001b[0m:\u001b[93m71\u001b[0m:\u001b[93m43\u001b[0m - \u001b[91merror\u001b[0m\u001b[90m TS2554: \u001b[0mExpected 3 arguments, but got 2.\n\n    \u001b[7m71\u001b[0m       const result = await addressService.update(1, updateData);\n    \u001b[7m  \u001b[0m \u001b[91m                                          ~~~~~~\u001b[0m\n\n      \u001b[96msrc/services/address.service.ts\u001b[0m:\u001b[93m64\u001b[0m:\u001b[93m44\u001b[0m\n        \u001b[7m64\u001b[0m   async update(id: number, userId: number, data: Record<string, unknown>) {\n        \u001b[7m  \u001b[0m \u001b[96m                                           ~~~~~~~~~~~~~~~~~~~~~~~~~~~~~\u001b[0m\n        An argument for 'data' was not provided.\n    \u001b[96msrc/__tests__/unit/services/address.service.test.ts\u001b[0m:\u001b[93m82\u001b[0m:\u001b[93m35\u001b[0m - \u001b[91merror\u001b[0m\u001b[90m TS2554: \u001b[0mExpected 2 arguments, but got 1.\n\n    \u001b[7m82\u001b[0m       await expect(addressService.delete(1)).resolves.not.toThrow();\n    \u001b[7m  \u001b[0m \u001b[91m                                  ~~~~~~\u001b[0m\n\n      \u001b[96msrc/services/address.service.ts\u001b[0m:\u001b[93m104\u001b[0m:\u001b[93m28\u001b[0m\n        \u001b[7m104\u001b[0m   async delete(id: number, userId: number) {\n        \u001b[7m   \u001b[0m \u001b[96m                           ~~~~~~~~~~~~~~\u001b[0m\n        An argument for 'userId' was not provided.\n    \u001b[96msrc/__tests__/unit/services/address.service.test.ts\u001b[0m:\u001b[93m91\u001b[0m:\u001b[93m35\u001b[0m - \u001b[91merror\u001b[0m\u001b[90m TS2339: \u001b[0mProperty 'setDefaultAddress' does not exist on type 'AddressService'.\n\n    \u001b[7m91\u001b[0m       await expect(addressService.setDefaultAddress(1, 1)).resolves.not.toThrow();\n    \u001b[7m  \u001b[0m \u001b[91m                                  ~~~~~~~~~~~~~~~~~\u001b[0m\n","name":"C:\\Users\\Diwakar Sharma\\node-projects\\DevMart\\backend\\src\\__tests__\\unit\\services\\address.service.test.ts","startTime":1788317951790,"status":"failed","summary":""},{"assertionResults":[],"coverage":{},"endTime":1788317951790,"message":"  \u001b[1m● \u001b[22mTest suite failed to run\n\n    \u001b[96msrc/__tests__/unit/middlewares/validate.middleware.test.ts\u001b[0m:\u001b[93m1\u001b[0m:\u001b[93m1\u001b[0m - \u001b[91merror\u001b[0m\u001b[90m TS6192: \u001b[0mAll imports in import declaration are unused.\n\n    \u001b[7m1\u001b[0m import { Request, Response, NextFunction } from 'express';\n    \u001b[7m \u001b[0m \u001b[91m~~~~~~~~~~~~~~~~~~~~~~~~~~~~~~~~~~~~~~~~~~~~~~~~~~~~~~~~~~\u001b[0m\n    \u001b[96msrc/__tests__/unit/middlewares/validate.middleware.test.ts\u001b[0m:\u001b[93m16\u001b[0m:\u001b[93m8\u001b[0m - \u001b[91merror\u001b[0m\u001b[90m TS2352: \u001b[0mConversion of type 'ResultFactory<ValidationError> & { withDefaults: <T = any>(options?: Partial<ResultFactoryBuilderOptions<T>> | undefined) => ResultFactory<...>; }' to type 'Mock<any, any, any>' may be a mistake because neither type sufficiently overlaps with the other. If this was intentional, convert the expression to 'unknown' first.\n      Type 'ResultFactory<ValidationError> & { withDefaults: <T = any>(options?: Partial<ResultFactoryBuilderOptions<T>> | undefined) => ResultFactory<...>; }' is missing the following properties from type 'Mock<any, any, any>': getMockName, mock, mockClear, mockReset, and 13 more.\n\n    \u001b[7m16\u001b[0m       (validationResult as jest.Mock).mockReturnValueOnce({\n    \u001b[7m  \u001b[0m \u001b[91m       ~~~~~~~~~~~~~~~~~~~~~~~~~~~~~\u001b[0m\n    \u001b[96msrc/__tests__/unit/middlewares/validate.middleware.test.ts\u001b[0m:\u001b[93m20\u001b[0m:\u001b[93m16\u001b[0m - \u001b[91merror\u001b[0m\u001b[90m TS2345: \u001b[0mArgument of type '{ user: { id: number; email: string; }; body: {}; params: {}; query: {}; headers: {}; }' is not assignable to parameter of type 'Request<ParamsDictionary, any, any, ParsedQs, Record<string, any>>'.\n      Type '{ user: { id: number; email: string; }; body: {}; params: {}; query: {}; headers: {}; }' is missing the following properties from type 'Request<ParamsDictionary, any, any, ParsedQs, Record<string, any>>': cookies, signedCookies, get, header, and 94 more.\n\n    \u001b[7m20\u001b[0m       validate(req, res, next);\n    \u001b[7m  \u001b[0m \u001b[91m               ~~~\u001b[0m\n    \u001b[96msrc/__tests__/unit/middlewares/validate.middleware.test.ts\u001b[0m:\u001b[93m41\u001b[0m:\u001b[93m8\u001b[0m - \u001b[91merror\u001b[0m\u001b[90m TS2352: \u001b[0mConversion of type 'ResultFactory<ValidationError> & { withDefaults: <T = any>(options?: Partial<ResultFactoryBuilderOptions<T>> | undefined) => ResultFactory<...>; }' to type 'Mock<any, any, any>' may be a mistake because neither type sufficiently overlaps with the other. If this was intentional, convert the expression to 'unknown' first.\n      Type 'ResultFactory<ValidationError> & { withDefaults: <T = any>(options?: Partial<ResultFactoryBuilderOptions<T>> | undefined) => ResultFactory<...>; }' is missing the following properties from type 'Mock<any, any, any>': getMockName, mock, mockClear, mockReset, and 13 more.\n\n    \u001b[7m41\u001b[0m       (validationResult as jest.Mock).mockReturnValueOnce({\n    \u001b[7m  \u001b[0m \u001b[91m       ~~~~~~~~~~~~~~~~~~~~~~~~~~~~~\u001b[0m\n    \u001b[96msrc/__tests__/unit/middlewares/validate.middleware.test.ts\u001b[0m:\u001b[93m46\u001b[0m:\u001b[93m16\u001b[0m - \u001b[91merror\u001b[0m\u001b[90m TS2345: \u001b[0mArgument of type '{ user: { id: number; email: string; }; body: {}; params: {}; query: {}; headers: {}; }' is not assignable to parameter of type 'Request<ParamsDictionary, any, any, ParsedQs, Record<string, any>>'.\n      Type '{ user: { id: number; email: string; }; body: {}; params: {}; query: {}; headers: {}; }' is missing the following properties from type 'Request<ParamsDictionary, any, any, ParsedQs, Record<string, any>>': cookies, signedCookies, get, header, and 94 more.\n\n    \u001b[7m46\u001b[0m       validate(req, res, next);\n    \u001b[7m  \u001b[0m \u001b[91m               ~~~\u001b[0m\n    \u001b[96msrc/__tests__/unit/middlewares/validate.middleware.test.ts\u001b[0m:\u001b[93m63\u001b[0m:\u001b[93m8\u001b[0m - \u001b[91merror\u001b[0m\u001b[90m TS2352: \u001b[0mConversion of type 'ResultFactory<ValidationError> & { withDefaults: <T = any>(options?: Partial<ResultFactoryBuilderOptions<T>> | undefined) => ResultFactory<...>; }' to type 'Mock<any, any, any>' may be a mistake because neither type sufficiently overlaps with the other. If this was intentional, convert the expression to 'unknown' first.\n      Type 'ResultFactory<ValidationError> & { withDefaults: <T = any>(options?: Partial<ResultFactoryBuilderOptions<T>> | undefined) => ResultFactory<...>; }' is missing the following properties from type 'Mock<any, any, any>': getMockName, mock, mockClear, mockReset, and 13 more.\n\n    \u001b[7m63\u001b[0m       (validationResult as jest.Mock).mockReturnValueOnce({\n    \u001b[7m  \u001b[0m \u001b[91m       ~~~~~~~~~~~~~~~~~~~~~~~~~~~~~\u001b[0m\n    \u001b[96msrc/__tests__/unit/middlewares/validate.middleware.test.ts\u001b[0m:\u001b[93m68\u001b[0m:\u001b[93m16\u001b[0m - \u001b[91merror\u001b[0m\u001b[90m TS2345: \u001b[0mArgument of type '{ user: { id: number; email: string; }; body: {}; params: {}; query: {}; headers: {}; }' is not assignable to parameter of type 'Request<ParamsDictionary, any, any, ParsedQs, Record<string, any>>'.\n      Type '{ user: { id: number; email: string; }; body: {}; params: {}; query: {}; headers: {}; }' is missing the following properties from type 'Request<ParamsDictionary, any, any, ParsedQs, Record<string, any>>': cookies, signedCookies, get, header, and 94 more.\n\n    \u001b[7m68\u001b[0m       validate(req, res, next);\n    \u001b[7m  \u001b[0m \u001b[91m               ~~~\u001b[0m\n","name":"C:\\Users\\Diwakar Sharma\\node-projects\\DevMart\\backend\\src\\__tests__\\unit\\middlewares\\validate.middleware.test.ts","startTime":1788317951790,"status":"failed","summary":""},{"assertionResults":[],"coverage":{},"endTime":1788317951790,"message":"  \u001b[1m● \u001b[22mTest suite failed to run\n\n    \u001b[96msrc/__tests__/unit/middlewares/error.middleware.test.ts\u001b[0m:\u001b[93m1\u001b[0m:\u001b[93m1\u001b[0m - \u001b[91merror\u001b[0m\u001b[90m TS6192: \u001b[0mAll imports in import declaration are unused.\n\n    \u001b[7m1\u001b[0m import { Request, Response, NextFunction } from 'express';\n    \u001b[7m \u001b[0m \u001b[91m~~~~~~~~~~~~~~~~~~~~~~~~~~~~~~~~~~~~~~~~~~~~~~~~~~~~~~~~~~\u001b[0m\n    \u001b[96msrc/__tests__/unit/middlewares/error.middleware.test.ts\u001b[0m:\u001b[93m17\u001b[0m:\u001b[93m9\u001b[0m - \u001b[91merror\u001b[0m\u001b[90m TS2353: \u001b[0mObject literal may only specify known properties, and 'field' does not exist in type 'unknown[]'.\n\n    \u001b[7m17\u001b[0m         field: ['Invalid field'],\n    \u001b[7m  \u001b[0m \u001b[91m        ~~~~~\u001b[0m\n    \u001b[96msrc/__tests__/unit/middlewares/error.middleware.test.ts\u001b[0m:\u001b[93m20\u001b[0m:\u001b[93m37\u001b[0m - \u001b[91merror\u001b[0m\u001b[90m TS2345: \u001b[0mArgument of type '{ user: { id: number; email: string; }; body: {}; params: {}; query: {}; headers: {}; }' is not assignable to parameter of type 'Request<ParamsDictionary, any, any, ParsedQs, Record<string, any>>'.\n      Type '{ user: { id: number; email: string; }; body: {}; params: {}; query: {}; headers: {}; }' is missing the following properties from type 'Request<ParamsDictionary, any, any, ParsedQs, Record<string, any>>': cookies, signedCookies, get, header, and 94 more.\n\n    \u001b[7m20\u001b[0m       errorHandler(validationError, req, res, next);\n    \u001b[7m  \u001b[0m \u001b[91m                                    ~~~\u001b[0m\n    \u001b[96msrc/__tests__/unit/middlewares/error.middleware.test.ts\u001b[0m:\u001b[93m35\u001b[0m:\u001b[93m37\u001b[0m - \u001b[91merror\u001b[0m\u001b[90m TS2345: \u001b[0mArgument of type 'string' is not assignable to parameter of type 'number'.\n\n    \u001b[7m35\u001b[0m       const apiError = new ApiError('Not found', 404);\n    \u001b[7m  \u001b[0m \u001b[91m                                    ~~~~~~~~~~~\u001b[0m\n    \u001b[96msrc/__tests__/unit/middlewares/error.middleware.test.ts\u001b[0m:\u001b[93m37\u001b[0m:\u001b[93m30\u001b[0m - \u001b[91merror\u001b[0m\u001b[90m TS2345: \u001b[0mArgument of type '{ user: { id: number; email: string; }; body: {}; params: {}; query: {}; headers: {}; }' is not assignable to parameter of type 'Request<ParamsDictionary, any, any, ParsedQs, Record<string, any>>'.\n      Type '{ user: { id: number; email: string; }; body: {}; params: {}; query: {}; headers: {}; }' is missing the following properties from type 'Request<ParamsDictionary, any, any, ParsedQs, Record<string, any>>': cookies, signedCookies, get, header, and 94 more.\n\n    \u001b[7m37\u001b[0m       errorHandler(apiError, req, res, next);\n    \u001b[7m  \u001b[0m \u001b[91m                             ~~~\u001b[0m\n    \u001b[96msrc/__tests__/unit/middlewares/error.middleware.test.ts\u001b[0m:\u001b[93m50\u001b[0m:\u001b[93m30\u001b[0m - \u001b[91merror\u001b[0m\u001b[90m TS2345: \u001b[0mArgument of type '{ user: { id: number; email: string; }; body: {}; params: {}; query: {}; headers: {}; }' is not assignable to parameter of type 'Request<ParamsDictionary, any, any, ParsedQs, Record<string, any>>'.\n      Type '{ user: { id: number; email: string; }; body: {}; params: {}; query: {}; headers: {}; }' is missing the following properties from type 'Request<ParamsDictionary, any, any, ParsedQs, Record<string, any>>': cookies, signedCookies, get, header, and 94 more.\n\n    \u001b[7m50\u001b[0m       errorHandler(jwtError, req, res, next);\n    \u001b[7m  \u001b[0m \u001b[91m                             ~~~\u001b[0m\n    \u001b[96msrc/__tests__/unit/middlewares/error.middleware.test.ts\u001b[0m:\u001b[93m63\u001b[0m:\u001b[93m32\u001b[0m - \u001b[91merror\u001b[0m\u001b[90m TS2345: \u001b[0mArgument of type '{ user: { id: number; email: string; }; body: {}; params: {}; query: {}; headers: {}; }' is not assignable to parameter of type 'Request<ParamsDictionary, any, any, ParsedQs, Record<string, any>>'.\n      Type '{ user: { id: number; email: string; }; body: {}; params: {}; query: {}; headers: {}; }' is missing the following properties from type 'Request<ParamsDictionary, any, any, ParsedQs, Record<string, any>>': cookies, signedCookies, get, header, and 94 more.\n\n    \u001b[7m63\u001b[0m       errorHandler(tokenError, req, res, next);\n    \u001b[7m  \u001b[0m \u001b[91m                               ~~~\u001b[0m\n    \u001b[96msrc/__tests__/unit/middlewares/error.middleware.test.ts\u001b[0m:\u001b[93m75\u001b[0m:\u001b[93m27\u001b[0m - \u001b[91merror\u001b[0m\u001b[90m TS2345: \u001b[0mArgument of type '{ user: { id: number; email: string; }; body: {}; params: {}; query: {}; headers: {}; }' is not assignable to parameter of type 'Request<ParamsDictionary, any, any, ParsedQs, Record<string, any>>'.\n      Type '{ user: { id: number; email: string; }; body: {}; params: {}; query: {}; headers: {}; }' is missing the following properties from type 'Request<ParamsDictionary, any, any, ParsedQs, Record<string, any>>': cookies, signedCookies, get, header, and 94 more.\n\n    \u001b[7m75\u001b[0m       errorHandler(error, req, res, next);\n    \u001b[7m  \u001b[0m \u001b[91m                          ~~~\u001b[0m\n","name":"C:\\Users\\Diwakar Sharma\\node-projects\\DevMart\\backend\\src\\__tests__\\unit\\middlewares\\error.middleware.test.ts","startTime":1788317951790,"status":"failed","summary":""},{"assertionResults":[],"coverage":{},"endTime":1788317951790,"message":"  \u001b[1m● \u001b[22mTest suite failed to run\n\n    \u001b[96msrc/__tests__/unit/middlewares/auth.middleware.test.ts\u001b[0m:\u001b[93m1\u001b[0m:\u001b[93m20\u001b[0m - \u001b[91merror\u001b[0m\u001b[90m TS6133: \u001b[0m'NextFunction' is declared but its value is never read.\n\n    \u001b[7m1\u001b[0m import { Response, NextFunction } from 'express';\n    \u001b[7m \u001b[0m \u001b[91m                   ~~~~~~~~~~~~\u001b[0m\n    \u001b[96msrc/__tests__/unit/middlewares/auth.middleware.test.ts\u001b[0m:\u001b[93m23\u001b[0m:\u001b[93m20\u001b[0m - \u001b[91merror\u001b[0m\u001b[90m TS2345: \u001b[0mArgument of type '{ user: { id: number; email: string; }; body: {}; params: {}; query: {}; headers: {}; }' is not assignable to parameter of type 'AuthRequest'.\n      Type '{ user: { id: number; email: string; }; body: {}; params: {}; query: {}; headers: {}; }' is missing the following properties from type 'AuthRequest': cookies, signedCookies, get, header, and 94 more.\n\n    \u001b[7m23\u001b[0m       authenticate(req, res, next);\n    \u001b[7m  \u001b[0m \u001b[91m                   ~~~\u001b[0m\n    \u001b[96msrc/__tests__/unit/middlewares/auth.middleware.test.ts\u001b[0m:\u001b[93m26\u001b[0m:\u001b[93m23\u001b[0m - \u001b[91merror\u001b[0m\u001b[90m TS2339: \u001b[0mProperty 'userId' does not exist on type '{ id: number; email: string; }'.\n\n    \u001b[7m26\u001b[0m       expect(req.user.userId).toBe(1);\n    \u001b[7m  \u001b[0m \u001b[91m                      ~~~~~~\u001b[0m\n    \u001b[96msrc/__tests__/unit/middlewares/auth.middleware.test.ts\u001b[0m:\u001b[93m35\u001b[0m:\u001b[93m20\u001b[0m - \u001b[91merror\u001b[0m\u001b[90m TS2345: \u001b[0mArgument of type '{ user: { id: number; email: string; }; body: {}; params: {}; query: {}; headers: {}; }' is not assignable to parameter of type 'AuthRequest'.\n      Type '{ user: { id: number; email: string; }; body: {}; params: {}; query: {}; headers: {}; }' is missing the following properties from type 'AuthRequest': cookies, signedCookies, get, header, and 94 more.\n\n    \u001b[7m35\u001b[0m       authenticate(req, res, next);\n    \u001b[7m  \u001b[0m \u001b[91m                   ~~~\u001b[0m\n    \u001b[96msrc/__tests__/unit/middlewares/auth.middleware.test.ts\u001b[0m:\u001b[93m47\u001b[0m:\u001b[93m20\u001b[0m - \u001b[91merror\u001b[0m\u001b[90m TS2345: \u001b[0mArgument of type '{ user: { id: number; email: string; }; body: {}; params: {}; query: {}; headers: {}; }' is not assignable to parameter of type 'AuthRequest'.\n      Type '{ user: { id: number; email: string; }; body: {}; params: {}; query: {}; headers: {}; }' is missing the following properties from type 'AuthRequest': cookies, signedCookies, get, header, and 94 more.\n\n    \u001b[7m47\u001b[0m       authenticate(req, res, next);\n    \u001b[7m  \u001b[0m \u001b[91m                   ~~~\u001b[0m\n    \u001b[96msrc/__tests__/unit/middlewares/auth.middleware.test.ts\u001b[0m:\u001b[93m63\u001b[0m:\u001b[93m20\u001b[0m - \u001b[91merror\u001b[0m\u001b[90m TS2345: \u001b[0mArgument of type '{ user: { id: number; email: string; }; body: {}; params: {}; query: {}; headers: {}; }' is not assignable to parameter of type 'AuthRequest'.\n      Type '{ user: { id: number; email: string; }; body: {}; params: {}; query: {}; headers: {}; }' is missing the following properties from type 'AuthRequest': cookies, signedCookies, get, header, and 94 more.\n\n    \u001b[7m63\u001b[0m       authenticate(req, res, next);\n    \u001b[7m  \u001b[0m \u001b[91m                   ~~~\u001b[0m\n    \u001b[96msrc/__tests__/unit/middlewares/auth.middleware.test.ts\u001b[0m:\u001b[93m82\u001b[0m:\u001b[93m20\u001b[0m - \u001b[91merror\u001b[0m\u001b[90m TS2345: \u001b[0mArgument of type '{ user: { id: number; email: string; }; body: {}; params: {}; query: {}; headers: {}; }' is not assignable to parameter of type 'AuthRequest'.\n      Type '{ user: { id: number; email: string; }; body: {}; params: {}; query: {}; headers: {}; }' is missing the following properties from type 'AuthRequest': cookies, signedCookies, get, header, and 94 more.\n\n    \u001b[7m82\u001b[0m       optionalAuth(req, res, next);\n    \u001b[7m  \u001b[0m \u001b[91m                   ~~~\u001b[0m\n    \u001b[96msrc/__tests__/unit/middlewares/auth.middleware.test.ts\u001b[0m:\u001b[93m93\u001b[0m:\u001b[93m20\u001b[0m - \u001b[91merror\u001b[0m\u001b[90m TS2345: \u001b[0mArgument of type '{ user: { id: number; email: string; }; body: {}; params: {}; query: {}; headers: {}; }' is not assignable to parameter of type 'AuthRequest'.\n      Type '{ user: { id: number; email: string; }; body: {}; params: {}; query: {}; headers: {}; }' is missing the following properties from type 'AuthRequest': cookies, signedCookies, get, header, and 94 more.\n\n    \u001b[7m93\u001b[0m       optionalAuth(req, res, next);\n    \u001b[7m  \u001b[0m \u001b[91m                   ~~~\u001b[0m\n    \u001b[96msrc/__tests__/unit/middlewares/auth.middleware.test.ts\u001b[0m:\u001b[93m110\u001b[0m:\u001b[93m20\u001b[0m - \u001b[91merror\u001b[0m\u001b[90m TS2345: \u001b[0mArgument of type '{ user: { id: number; email: string; }; body: {}; params: {}; query: {}; headers: {}; }' is not assignable to parameter of type 'AuthRequest'.\n      Type '{ user: { id: number; email: string; }; body: {}; params: {}; query: {}; headers: {}; }' is missing the following properties from type 'AuthRequest': cookies, signedCookies, get, header, and 94 more.\n\n    \u001b[7m110\u001b[0m       optionalAuth(req, res, next);\n    \u001b[7m   \u001b[0m \u001b[91m                   ~~~\u001b[0m\n","name":"C:\\Users\\Diwakar Sharma\\node-projects\\DevMart\\backend\\src\\__tests__\\unit\\middlewares\\auth.middleware.test.ts","startTime":1788317951790,"status":"failed","summary":""},{"assertionResults":[],"coverage":{},"endTime":1788317951790,"message":"  \u001b[1m● \u001b[22mTest suite failed to run\n\n    \u001b[96msrc/__tests__/integration/user.controller.integration.test.ts\u001b[0m:\u001b[93m5\u001b[0m:\u001b[93m1\u001b[0m - \u001b[91merror\u001b[0m\u001b[90m TS6133: \u001b[0m'db' is declared but its value is never read.\n\n    \u001b[7m5\u001b[0m import db from '../../config/database';\n    \u001b[7m \u001b[0m \u001b[91m~~~~~~~~~~~~~~~~~~~~~~~~~~~~~~~~~~~~~~~\u001b[0m\n","name":"C:\\Users\\Diwakar Sharma\\node-projects\\DevMart\\backend\\src\\__tests__\\integration\\user.controller.integration.test.ts","startTime":1788317951790,"status":"failed","summary":""},{"assertionResults":[],"coverage":{},"endTime":1788317951790,"message":"  \u001b[1m● \u001b[22mTest suite failed to run\n\n    \u001b[96msrc/__tests__/integration/product.controller.integration.test.ts\u001b[0m:\u001b[93m5\u001b[0m:\u001b[93m1\u001b[0m - \u001b[91merror\u001b[0m\u001b[90m TS6133: \u001b[0m'db' is declared but its value is never read.\n\n    \u001b[7m5\u001b[0m import db from '../../config/database';\n    \u001b[7m \u001b[0m \u001b[91m~~~~~~~~~~~~~~~~~~~~~~~~~~~~~~~~~~~~~~~\u001b[0m\n    \u001b[96msrc/__tests__/integration/product.controller.integration.test.ts\u001b[0m:\u001b[93m37\u001b[0m:\u001b[93m19\u001b[0m - \u001b[91merror\u001b[0m\u001b[90m TS2304: \u001b[0mCannot find name 'createMockRequest'.\n\n    \u001b[7m37\u001b[0m       const req = createMockRequest({\n    \u001b[7m  \u001b[0m \u001b[91m                  ~~~~~~~~~~~~~~~~~\u001b[0m\n    \u001b[96msrc/__tests__/integration/product.controller.integration.test.ts\u001b[0m:\u001b[93m40\u001b[0m:\u001b[93m19\u001b[0m - \u001b[91merror\u001b[0m\u001b[90m TS2304: \u001b[0mCannot find name 'createMockResponse'.\n\n    \u001b[7m40\u001b[0m       const res = createMockResponse();\n    \u001b[7m  \u001b[0m \u001b[91m                  ~~~~~~~~~~~~~~~~~~\u001b[0m\n    \u001b[96msrc/__tests__/integration/product.controller.integration.test.ts\u001b[0m:\u001b[93m41\u001b[0m:\u001b[93m20\u001b[0m - \u001b[91merror\u001b[0m\u001b[90m TS2304: \u001b[0mCannot find name 'mockNext'.\n\n    \u001b[7m41\u001b[0m       const next = mockNext;\n    \u001b[7m  \u001b[0m \u001b[91m                   ~~~~~~~~\u001b[0m\n    \u001b[96msrc/__tests__/integration/product.controller.integration.test.ts\u001b[0m:\u001b[93m44\u001b[0m:\u001b[93m20\u001b[0m - \u001b[91merror\u001b[0m\u001b[90m TS2304: \u001b[0mCannot find name 'mockProduct'.\n\n    \u001b[7m44\u001b[0m         products: [mockProduct],\n    \u001b[7m  \u001b[0m \u001b[91m                   ~~~~~~~~~~~\u001b[0m\n    \u001b[96msrc/__tests__/integration/product.controller.integration.test.ts\u001b[0m:\u001b[93m50\u001b[0m:\u001b[93m13\u001b[0m - \u001b[91merror\u001b[0m\u001b[90m TS2304: \u001b[0mCannot find name 'productController'.\n\n    \u001b[7m50\u001b[0m       await productController.getAll(req, res, next);\n    \u001b[7m  \u001b[0m \u001b[91m            ~~~~~~~~~~~~~~~~~\u001b[0m\n    \u001b[96msrc/__tests__/integration/product.controller.integration.test.ts\u001b[0m:\u001b[93m53\u001b[0m:\u001b[93m14\u001b[0m - \u001b[91merror\u001b[0m\u001b[90m TS2304: \u001b[0mCannot find name 'sendSuccess'.\n\n    \u001b[7m53\u001b[0m       expect(sendSuccess).toHaveBeenCalled();\n    \u001b[7m  \u001b[0m \u001b[91m             ~~~~~~~~~~~\u001b[0m\n    \u001b[96msrc/__tests__/integration/product.controller.integration.test.ts\u001b[0m:\u001b[93m57\u001b[0m:\u001b[93m19\u001b[0m - \u001b[91merror\u001b[0m\u001b[90m TS2304: \u001b[0mCannot find name 'createMockRequest'.\n\n    \u001b[7m57\u001b[0m       const req = createMockRequest({\n    \u001b[7m  \u001b[0m \u001b[91m                  ~~~~~~~~~~~~~~~~~\u001b[0m\n    \u001b[96msrc/__tests__/integration/product.controller.integration.test.ts\u001b[0m:\u001b[93m60\u001b[0m:\u001b[93m19\u001b[0m - \u001b[91merror\u001b[0m\u001b[90m TS2304: \u001b[0mCannot find name 'createMockResponse'.\n\n    \u001b[7m60\u001b[0m       const res = createMockResponse();\n    \u001b[7m  \u001b[0m \u001b[91m                  ~~~~~~~~~~~~~~~~~~\u001b[0m\n    \u001b[96msrc/__tests__/integration/product.controller.integration.test.ts\u001b[0m:\u001b[93m61\u001b[0m:\u001b[93m20\u001b[0m - \u001b[91merror\u001b[0m\u001b[90m TS2304: \u001b[0mCannot find name 'mockNext'.\n\n    \u001b[7m61\u001b[0m       const next = mockNext;\n    \u001b[7m  \u001b[0m \u001b[91m                   ~~~~~~~~\u001b[0m\n    \u001b[96msrc/__tests__/integration/product.controller.integration.test.ts\u001b[0m:\u001b[93m64\u001b[0m:\u001b[93m20\u001b[0m - \u001b[91merror\u001b[0m\u001b[90m TS2304: \u001b[0mCannot find name 'mockProduct'.\n\n    \u001b[7m64\u001b[0m         products: [mockProduct],\n    \u001b[7m  \u001b[0m \u001b[91m                   ~~~~~~~~~~~\u001b[0m\n    \u001b[96msrc/__tests__/integration/product.controller.integration.test.ts\u001b[0m:\u001b[93m68\u001b[0m:\u001b[93m13\u001b[0m - \u001b[91merror\u001b[0m\u001b[90m TS2304: \u001b[0mCannot find name 'productController'.\n\n    \u001b[7m68\u001b[0m       await productController.getAll(req, res, next);\n    \u001b[7m  \u001b[0m \u001b[91m            ~~~~~~~~~~~~~~~~~\u001b[0m\n    \u001b[96msrc/__tests__/integration/product.controller.integration.test.ts\u001b[0m:\u001b[93m71\u001b[0m:\u001b[93m14\u001b[0m - \u001b[91merror\u001b[0m\u001b[90m TS2304: \u001b[0mCannot find name 'sendSuccess'.\n\n    \u001b[7m71\u001b[0m       expect(sendSuccess).toHaveBeenCalled();\n    \u001b[7m  \u001b[0m \u001b[91m             ~~~~~~~~~~~\u001b[0m\n    \u001b[96msrc/__tests__/integration/product.controller.integration.test.ts\u001b[0m:\u001b[93m77\u001b[0m:\u001b[93m19\u001b[0m - \u001b[91merror\u001b[0m\u001b[90m TS2304: \u001b[0mCannot find name 'createMockRequest'.\n\n    \u001b[7m77\u001b[0m       const req = createMockRequest({\n    \u001b[7m  \u001b[0m \u001b[91m                  ~~~~~~~~~~~~~~~~~\u001b[0m\n    \u0
[...]
 \u001b[7m94\u001b[0m       await cartController.addItem(req, res, next);\n    \u001b[7m  \u001b[0m \u001b[91m            ~~~~~~~~~~~~~~\u001b[0m\n    \u001b[96msrc/__tests__/integration/cart.controller.integration.test.ts\u001b[0m:\u001b[93m102\u001b[0m:\u001b[93m19\u001b[0m - \u001b[91merror\u001b[0m\u001b[90m TS2304: \u001b[0mCannot find name 'createMockRequest'.\n\n    \u001b[7m102\u001b[0m       const req = createMockRequest({\n    \u001b[7m   \u001b[0m \u001b[91m                  ~~~~~~~~~~~~~~~~~\u001b[0m\n    \u001b[96msrc/__tests__/integration/cart.controller.integration.test.ts\u001b[0m:\u001b[93m107\u001b[0m:\u001b[93m19\u001b[0m - \u001b[91merror\u001b[0m\u001b[90m TS2304: \u001b[0mCannot find name 'createMockResponse'.\n\n    \u001b[7m107\u001b[0m       const res = createMockResponse();\n    \u001b[7m   \u001b[0m \u001b[91m                  ~~~~~~~~~~~~~~~~~~\u001b[0m\n    \u001b[96msrc/__tests__/integration/cart.controller.integration.test.ts\u001b[0m:\u001b[93m108\u001b[0m:\u001b[93m20\u001b[0m - \u001b[91merror\u001b[0m\u001b[90m TS2304: \u001b[0mCannot find name 'mockNext'.\n\n    \u001b[7m108\u001b[0m       const next = mockNext;\n    \u001b[7m   \u001b[0m \u001b[91m                   ~~~~~~~~\u001b[0m\n    \u001b[96msrc/__tests__/integration/cart.controller.integration.test.ts\u001b[0m:\u001b[93m111\u001b[0m:\u001b[93m12\u001b[0m - \u001b[91merror\u001b[0m\u001b[90m TS2304: \u001b[0mCannot find name 'mockCartItem'.\n\n    \u001b[7m111\u001b[0m         ...mockCartItem,\n    \u001b[7m   \u001b[0m \u001b[91m           ~~~~~~~~~~~~\u001b[0m\n    \u001b[96msrc/__tests__/integration/cart.controller.integration.test.ts\u001b[0m:\u001b[93m115\u001b[0m:\u001b[93m13\u001b[0m - \u001b[91merror\u001b[0m\u001b[90m TS2304: \u001b[0mCannot find name 'cartController'.\n\n    \u001b[7m115\u001b[0m       await cartController.updateItem(req, res, next);\n    \u001b[7m   \u001b[0m \u001b[91m            ~~~~~~~~~~~~~~\u001b[0m\n    \u001b[96msrc/__tests__/integration/cart.controller.integration.test.ts\u001b[0m:\u001b[93m118\u001b[0m:\u001b[93m14\u001b[0m - \u001b[91merror\u001b[0m\u001b[90m TS2304: \u001b[0mCannot find name 'sendSuccess'.\n\n    \u001b[7m118\u001b[0m       expect(sendSuccess).toHaveBeenCalled();\n    \u001b[7m   \u001b[0m \u001b[91m             ~~~~~~~~~~~\u001b[0m\n    \u001b[96msrc/__tests__/integration/cart.controller.integration.test.ts\u001b[0m:\u001b[93m124\u001b[0m:\u001b[93m19\u001b[0m - \u001b[91merror\u001b[0m\u001b[90m TS2304: \u001b[0mCannot find name 'createMockRequest'.\n\n    \u001b[7m124\u001b[0m       const req = createMockRequest({\n    \u001b[7m   \u001b[0m \u001b[91m                  ~~~~~~~~~~~~~~~~~\u001b[0m\n    \u001b[96msrc/__tests__/integration/cart.controller.integration.test.ts\u001b[0m:\u001b[93m128\u001b[0m:\u001b[93m19\u001b[0m - \u001b[91merror\u001b[0m\u001b[90m TS2304: \u001b[0mCannot find name 'createMockResponse'.\n\n    \u001b[7m128\u001b[0m       const res = createMockResponse();\n    \u001b[7m   \u001b[0m \u001b[91m                  ~~~~~~~~~~~~~~~~~~\u001b[0m\n    \u001b[96msrc/__tests__/integration/cart.controller.integration.test.ts\u001b[0m:\u001b[93m129\u001b[0m:\u001b[93m20\u001b[0m - \u001b[91merror\u001b[0m\u001b[90m TS2304: \u001b[0mCannot find name 'mockNext'.\n\n    \u001b[7m129\u001b[0m       const next = mockNext;\n    \u001b[7m   \u001b[0m \u001b[91m                   ~~~~~~~~\u001b[0m\n    \u001b[96msrc/__tests__/integration/cart.controller.integration.test.ts\u001b[0m:\u001b[93m133\u001b[0m:\u001b[93m13\u001b[0m - \u001b[91merror\u001b[0m\u001b[90m TS2304: \u001b[0mCannot find name 'cartController'.\n\n    \u001b[7m133\u001b[0m       await cartController.removeItem(req, res, next);\n    \u001b[7m   \u001b[0m \u001b[91m            ~~~~~~~~~~~~~~\u001b[0m\n    \u001b[96msrc/__tests__/integration/cart.controller.integration.test.ts\u001b[0m:\u001b[93m136\u001b[0m:\u001b[93m14\u001b[0m - \u001b[91merror\u001b[0m\u001b[90m TS2304: \u001b[0mCannot find name 'sendSuccess'.\n\n    \u001b[7m136\u001b[0m       expect(sendSuccess).toHaveBeenCalled();\n    \u001b[7m   \u001b[0m \u001b[91m             ~~~~~~~~~~~\u001b[0m\n    \u001b[96msrc/__tests__/integration/cart.controller.integration.test.ts\u001b[0m:\u001b[93m142\u001b[0m:\u001b[93m19\u001b[0m - \u001b[91merror\u001b[0m\u001b[90m TS2304: \u001b[0mCannot find name 'createMockRequest'.\n\n    \u001b[7m142\u001b[0m       const req = createMockRequest({\n    \u001b[7m   \u001b[0m \u001b[91m                  ~~~~~~~~~~~~~~~~~\u001b[0m\n    \u001b[96msrc/__tests__/integration/cart.controller.integration.test.ts\u001b[0m:\u001b[93m145\u001b[0m:\u001b[93m19\u001b[0m - \u001b[91merror\u001b[0m\u001b[90m TS2304: \u001b[0mCannot find name 'createMockResponse'.\n\n    \u001b[7m145\u001b[0m       const res = createMockResponse();\n    \u001b[7m   \u001b[0m \u001b[91m                  ~~~~~~~~~~~~~~~~~~\u001b[0m\n    \u001b[96msrc/__tests__/integration/cart.controller.integration.test.ts\u001b[0m:\u001b[93m146\u001b[0m:\u001b[93m20\u001b[0m - \u001b[91merror\u001b[0m\u001b[90m TS2304: \u001b[0mCannot find name 'mockNext'.\n\n    \u001b[7m146\u001b[0m       const next = mockNext;\n    \u001b[7m   \u001b[0m \u001b[91m                   ~~~~~~~~\u001b[0m\n    \u001b[96msrc/__tests__/integration/cart.controller.integration.test.ts\u001b[0m:\u001b[93m150\u001b[0m:\u001b[93m13\u001b[0m - \u001b[91merror\u001b[0m\u001b[90m TS2304: \u001b[0mCannot find name 'cartController'.\n\n    \u001b[7m150\u001b[0m       await cartController.clearCart(req, res, next);\n    \u001b[7m   \u001b[0m \u001b[91m            ~~~~~~~~~~~~~~\u001b[0m\n    \u001b[96msrc/__tests__/integration/cart.controller.integration.test.ts\u001b[0m:\u001b[93m153\u001b[0m:\u001b[93m14\u001b[0m - \u001b[91merror\u001b[0m\u001b[90m TS2304: \u001b[0mCannot find name 'sendSuccess'.\n\n    \u001b[7m153\u001b[0m       expect(sendSuccess).toHaveBeenCalled();\n    \u001b[7m   \u001b[0m \u001b[91m             ~~~~~~~~~~~\u001b[0m\n    \u001b[96msrc/__tests__/integration/cart.controller.integration.test.ts\u001b[0m:\u001b[93m64\u001b[0m:\u001b[93m3\u001b[0m - \u001b[91merror\u001b[0m\u001b[90m TS1128: \u001b[0mDeclaration or statement expected.\n\n    \u001b[7m64\u001b[0m   });\n    \u001b[7m  \u001b[0m \u001b[91m  ~\u001b[0m\n    \u001b[96msrc/__tests__/integration/cart.controller.integration.test.ts\u001b[0m:\u001b[93m64\u001b[0m:\u001b[93m4\u001b[0m - \u001b[91merror\u001b[0m\u001b[90m TS1128: \u001b[0mDeclaration or statement expected.\n\n    \u001b[7m64\u001b[0m   });\n    \u001b[7m  \u001b[0m \u001b[91m   ~\u001b[0m\n    \u001b[96msrc/__tests__/integration/cart.controller.integration.test.ts\u001b[0m:\u001b[93m156\u001b[0m:\u001b[93m1\u001b[0m - \u001b[91merror\u001b[0m\u001b[90m TS1128: \u001b[0mDeclaration or statement expected.\n\n    \u001b[7m156\u001b[0m });\n    \u001b[7m   \u001b[0m \u001b[91m~\u001b[0m\n    \u001b[96msrc/__tests__/integration/cart.controller.integration.test.ts\u001b[0m:\u001b[93m156\u001b[0m:\u001b[93m2\u001b[0m - \u001b[91merror\u001b[0m\u001b[90m TS1128: \u001b[0mDeclaration or statement expected.\n\n    \u001b[7m156\u001b[0m });\n    \u001b[7m   \u001b[0m \u001b[91m ~\u001b[0m\n","name":"C:\\Users\\Diwakar Sharma\\node-projects\\DevMart\\backend\\src\\__tests__\\integration\\cart.controller.integration.test.ts","startTime":1788317951790,"status":"failed","summary":""},{"assertionResults":[],"coverage":{},"endTime":1788317951790,"message":"  \u001b[1m● \u001b[22mTest suite failed to run\n\n    \u001b[96msrc/__tests__/integration/auth.controller.integration.test.ts\u001b[0m:\u001b[93m6\u001b[0m:\u001b[93m1\u001b[0m - \u001b[91merror\u001b[0m\u001b[90m TS6133: \u001b[0m'db' is declared but its value is never read.\n\n    \u001b[7m6\u001b[0m import db from '../../config/database';\n    \u001b[7m \u001b[0m \u001b[91m~~~~~~~~~~~~~~~~~~~~~~~~~~~~~~~~~~~~~~~\u001b[0m\n    \u001b[96msrc/__tests__/integration/auth.controller.integration.test.ts\u001b[0m:\u001b[93m35\u001b[0m:\u001b[93m19\u001b[0m - \u001b[91merror\u001b[0m\u001b[90m TS2304: \u001b[0mCannot find name 'createMockRequest'.\n\n    \u001b[7m35\u001b[0m       const req = createMockRequest({\n    \u001b[7m  \u001b[0m \u001b[91m                  ~~~~~~~~~~~~~~~~~\u001b[0m\n    \u001b[96msrc/__tests__/integration/auth.controller.integration.test.ts\u001b[0m:\u001b[93m44\u001b[0m:\u001b[93m19\u001b[0m - \u001b[91merror\u001b[0m\u001b[90m TS2304: \u001b[0mCannot find name 'createMockResponse'.\n\n    \u001b[7m44\u001b[0m       const res = createMockResponse();\n    \u001b[7m  \u001b[0m \u001b[91m                  ~~~~~~~~~~~~~~~~~~\u001b[0m\n    \u001b[96msrc/__tests__/integration/auth.controller.integration.test.ts\u001b[0m:\u001b[93m45\u001b[0m:\u001b[93m20\u001b[0m - \u001b[91merror\u001b[0m\u001b[90m TS2304: \u001b[0mCannot find name 'mockNext'.\n\n    \u001b[7m45\u001b[0m       const next = mockNext;\n    \u001b[7m  \u001b[0m \u001b[91m                   ~~~~~~~~\u001b[0m\n    \u001b[96msrc/__tests__/integration/auth.controller.integration.test.ts\u001b[0m:\u001b[93m55\u001b[0m:\u001b[93m13\u001b[0m - \u001b[91merror\u001b[0m\u001b[90m TS2552: \u001b[0mCannot find name 'authController'. Did you mean 'AbortController'?\n\n    \u001b[7m55\u001b[0m       await authController.register(req, res, next);\n    \u001b[7m  \u001b[0m \u001b[91m            ~~~~~~~~~~~~~~\u001b[0m\n\n      \u001b[96mnode_modules/@types/node/web-globals/abortcontroller.d.ts\u001b[0m:\u001b[93m19\u001b[0m:\u001b[93m9\u001b[0m\n        \u001b[7m19\u001b[0m     var AbortController: typeof globalThis extends { onmessage: any; AbortController: infer T } ? T\n        \u001b[7m  \u001b[0m \u001b[96m        ~~~~~~~~~~~~~~~\u001b[0m\n        'AbortController' is declared here.\n    \u001b[96msrc/__tests__/integration/auth.controller.integration.test.ts\u001b[0m:\u001b[93m66\u001b[0m:\u001b[93m14\u001b[0m - \u001b[91merror\u001b[0m\u001b[90m TS2304: \u001b[0mCannot find name 'sendCreated'.\n\n    \u001b[7m66\u001b[0m       expect(sendCreated).toHaveBeenCalled();\n    \u001b[7m  \u001b[0m \u001b[91m             ~~~~~~~~~~~\u001b[0m\n    \u001b[96msrc/__tests__/integration/auth.controller.integration.test.ts\u001b[0m:\u001b[93m70\u001b[0m:\u001b[93m19\u001b[0m - \u001b[91merror\u001b[0m\u001b[90m TS2304: \u001b[0mCannot find name 'createMockRequest'.\n\n    \u001b[7m70\u001b[0m       const req = createMockRequest({\n    \u001b[7m  \u001b[0m \u001b[91m                  ~~~~~~~~~~~~~~~~~\u001b[0m\n    \u001b[96msrc/__tests__/integration/auth.controller.integration.test.ts\u001b[0m:\u001b[93m78\u001b[0m:\u001b[93m19\u001b[0m - \u001b[91merror\u001b[0m\u001b[90m TS2304: \u001b[0mCannot find name 'createMockResponse'.\n\n    \u001b[7m78\u001b[0m       const res = createMockResponse();\n    \u001b[7m  \u001b[0m \u001b[91m                  ~~~~~~~~~~~~~~~~~~\u001b[0m\n    \u001b[96msrc/__tests__/integration/auth.controller.integration.test.ts\u001b[0m:\u001b[93m79\u001b[0m:\u001b[93m20\u001b[0m - \u001b[91merror\u001b[0m\u001b[90m TS2304: \u001b[0mCannot find name 'mockNext'.\n\n    \u001b[7m79\u001b[0m       const next = mockNext;\n    \u001b[7m  \u001b[0m \u001b[91m                   ~~~~~~~~\u001b[0m\n    \u001b[96msrc/__tests__/integration/auth.controller.integration.test.ts\u001b[0m:\u001b[93m84\u001b[0m:\u001b[93m13\u001b[0m - \u001b[91merror\u001b[0m\u001b[90m TS2552: \u001b[0mCannot find name 'authController'. Did you mean 'AbortController'?\n\n    \u001b[7m84\u001b[0m       await authController.register(req, res, next);\n    \u001b[7m  \u001b[0m \u001b[91m            ~~~~~~~~~~~~~~\u001b[0m\n\n      \u001b[96mnode_modules/@types/node/web-globals/abortcontroller.d.ts\u001b[0m:\u001b[93m19\u001b[0m:\u001b[93m9\u001b[0m\n        \u001b[7m19\u001b[0m     var AbortController: typeof globalThis extends { onmessage: any; AbortController: infer T } ? T\n        \u001b[7m  \u001b[0m \u001b[96m        ~~~~~~~~~~~~~~~\u001b[0m\n        'AbortController' is declared here.\n    \u001b[96msrc/__tests__/integration/auth.controller.integration.test.ts\u001b[0m:\u001b[93m92\u001b[0m:\u001b[93m19\u001b[0m - \u001b[91merror\u001b[0m\u001b[90m TS2304: \u001b[0mCannot find name 'createMockRequest'.\n\n    \u001b[7m92\u001b[0m       const req = createMockRequest({\n    \u001b[7m  \u001b[0m \u001b[91m                  ~~~~~~~~~~~~~~~~~\u001b[0m\n    \u001b[96msrc/__tests__/integration/auth.controller.integration.test.ts\u001b[0m:\u001b[93m100\u001b[0m:\u001b[93m19\u001b[0m - \u001b[91merror\u001b[0m\u001b[90m TS2304: \u001b[0mCannot find name 'createMockResponse'.\n\n    \u001b[7m100\u001b[0m       const res = createMockResponse();\n    \u001b[7m   \u001b[0m \u001b[91m                  ~~~~~~~~~~~~~~~~~~\u001b[0m\n    \u001b[96msrc/__tests__/integration/auth.controller.integration.test.ts\u001b[0m:\u001b[93m101\u001b[0m:\u001b[93m20\u001b[0m - \u001b[91merror\u001b[0m\u001b[90m TS2304: \u001b[0mCannot find name 'mockNext'.\n\n    \u001b[7m101\u001b[0m       const next = mockNext;\n    \u001b[7m   \u001b[0m \u001b[91m                   ~~~~~~~~\u001b[0m\n    \u001b[96msrc/__tests__/integration/auth.controller.integration.test.ts\u001b[0m:\u001b[93m111\u001b[0m:\u001b[93m13\u001b[0m - \u001b[91merror\u001b[0m\u001b[90m TS2304: \u001b[0mCannot find name 'authController'.\n\n    \u001b[7m111\u001b[0m       await authController.login(req, res, next);\n    \u001b[7m   \u001b[0m \u001b[91m            ~~~~~~~~~~~~~~\u001b[0m\n    \u001b[96msrc/__tests__/integration/auth.controller.integration.test.ts\u001b[0m:\u001b[93m120\u001b[0m:\u001b[93m14\u001b[0m - \u001b[91merror\u001b[0m\u001b[90m TS2304: \u001b[0mCannot find name 'sendSuccess'.\n\n    \u001b[7m120\u001b[0m       expect(sendSuccess).toHaveBeenCalled();\n    \u001b[7m   \u001b[0m \u001b[91m             ~~~~~~~~~~~\u001b[0m\n    \u001b[96msrc/__tests__/integration/auth.controller.integration.test.ts\u001b[0m:\u001b[93m124\u001b[0m:\u001b[93m19\u001b[0m - \u001b[91merror\u001b[0m\u001b[90m TS2304: \u001b[0mCannot find name 'createMockRequest'.\n\n    \u001b[7m124\u001b[0m       const req = createMockRequest({\n    \u001b[7m   \u001b[0m \u001b[91m                  ~~~~~~~~~~~~~~~~~\u001b[0m\n    \u001b[96msrc/__tests__/integration/auth.controller.integration.test.ts\u001b[0m:\u001b[93m132\u001b[0m:\u001b[93m19\u001b[0m - \u001b[91merror\u001b[0m\u001b[90m TS2304: \u001b[0mCannot find name 'createMockResponse'.\n\n    \u001b[7m132\u001b[0m       const res = createMockResponse();\n    \u001b[7m   \u001b[0m \u001b[91m                  ~~~~~~~~~~~~~~~~~~\u001b[0m\n    \u001b[96msrc/__tests__/integration/auth.controller.integration.test.ts\u001b[0m:\u001b[93m133\u001b[0m:\u001b[93m20\u001b[0m - \u001b[91merror\u001b[0m\u001b[90m TS2304: \u001b[0mCannot find name 'mockNext'.\n\n    \u001b[7m133\u001b[0m       const next = mockNext;\n    \u001b[7m   \u001b[0m \u001b[91m                   ~~~~~~~~\u001b[0m\n    \u001b[96msrc/__tests__/integration/auth.controller.integration.test.ts\u001b[0m:\u001b[93m138\u001b[0m:\u001b[93m13\u001b[0m - \u001b[91merror\u001b[0m\u001b[90m TS2304: \u001b[0mCannot find name 'authController'.\n\n    \u001b[7m138\u001b[0m       await authController.login(req, res, next);\n    \u001b[7m   \u001b[0m \u001b[91m            ~~~~~~~~~~~~~~\u001b[0m\n    \u001b[96msrc/__tests__/integration/auth.controller.integration.test.ts\u001b[0m:\u001b[93m146\u001b[0m:\u001b[93m19\u001b[0m - \u001b[91merror\u001b[0m\u001b[90m TS2304: \u001b[0mCannot find name 'createMockRequest'.\n\n    \u001b[7m146\u001b[0m       const req = createMockRequest({\n    \u001b[7m   \u001b[0m \u001b[91m                  ~~~~~~~~~~~~~~~~~\u001b[0m\n    \u001b[96msrc/__tests__/integration/auth.controller.integration.test.ts\u001b[0m:\u001b[93m149\u001b[0m:\u001b[93m19\u001b[0m - \u001b[91merror\u001b[0m\u001b[90m TS2304: \u001b[0mCannot find name 'createMockResponse'.\n\n    \u001b[7m149\u001b[0m       const res = createMockResponse();\n    \u001b[7m   \u001b[0m \u001b[91m                  ~~~~~~~~~~~~~~~~~~\u001b[0m\n    \u001b[96msrc/__tests__/integration/auth.controller.integration.test.ts\u001b[0m:\u001b[93m150\u001b[0m:\u001b[93m20\u001b[0m - \u001b[91merror\u001b[0m\u001b[90m TS2304: \u001b[0mCannot find name 'mockNext'.\n\n    \u001b[7m150\u001b[0m       const next = mockNext;\n    \u001b[7m   \u001b[0m \u001b[91m                   ~~~~~~~~\u001b[0m\n    \u001b[96msrc/__tests__/integration/auth.controller.integration.test.ts\u001b[0m:\u001b[93m157\u001b[0m:\u001b[93m13\u001b[0m - \u001b[91merror\u001b[0m\u001b[90m TS2304: \u001b[0mCannot find name 'authController'.\n\n    \u001b[7m157\u001b[0m       await authController.refreshToken(req, res, next);\n    \u001b[7m   \u001b[0m \u001b[91m            ~~~~~~~~~~~~~~\u001b[0m\n    \u001b[96msrc/__tests__/integration/auth.controller.integration.test.ts\u001b[0m:\u001b[93m166\u001b[0m:\u001b[93m19\u001b[0m - \u001b[91merror\u001b[0m\u001b[90m TS2304: \u001b[0mCannot find name 'createMockRequest'.\n\n    \u001b[7m166\u001b[0m       const req = createMockRequest({\n    \u001b[7m   \u001b[0m \u001b[91m                  ~~~~~~~~~~~~~~~~~\u001b[0m\n    \u001b[96msrc/__tests__/integration/auth.controller.integration.test.ts\u001b[0m:\u001b[93m169\u001b[0m:\u001b[93m19\u001b[0m - \u001b[91merror\u001b[0m\u001b[90m TS2304: \u001b[0mCannot find name 'createMockResponse'.\n\n    \u001b[7m169\u001b[0m       const res = createMockResponse();\n    \u001b[7m   \u001b[0m \u001b[91m                  ~~~~~~~~~~~~~~~~~~\u001b[0m\n    \u001b[96msrc/__tests__/integration/auth.controller.integration.test.ts\u001b[0m:\u001b[93m170\u001b[0m:\u001b[93m20\u001b[0m - \u001b[91merror\u001b[0m\u001b[90m TS2304: \u001b[0mCannot find name 'mockNext'.\n\n    \u001b[7m170\u001b[0m       const next = mockNext;\n    \u001b[7m   \u001b[0m \u001b[91m                   ~~~~~~~~\u001b[0m\n    \u001b[96msrc/__tests__/integration/auth.controller.integration.test.ts\u001b[0m:\u001b[93m174\u001b[0m:\u001b[93m13\u001b[0m - \u001b[91merror\u001b[0m\u001b[90m TS2304: \u001b[0mCannot find name 'authController'.\n\n    \u001b[7m174\u001b[0m       await authController.logout(req, res, next);\n    \u001b[7m   \u001b[0m \u001b[91m            ~~~~~~~~~~~~~~\u001b[0m\n    \u001b[96msrc/__tests__/integration/auth.controller.integration.test.ts\u001b[0m:\u001b[93m178\u001b[0m:\u001b[93m14\u001b[0m - \u001b[91merror\u001b[0m\u001b[90m TS2304: \u001b[0mCannot find name 'sendSuccess'.\n\n    \u001b[7m178\u001b[0m       expect(sendSuccess).toHaveBeenCalled();\n    \u001b[7m   \u001b[0m \u001b[91m             ~~~~~~~~~~~\u001b[0m\n    \u001b[96msrc/__tests__/integration/auth.controller.integration.test.ts\u001b[0m:\u001b[93m88\u001b[0m:\u001b[93m3\u001b[0m - \u001b[91merror\u001b[0m\u001b[90m TS1128: \u001b[0mDeclaration or statement expected.\n\n    \u001b[7m88\u001b[0m   });\n    \u001b[7m  \u001b[0m \u001b[91m  ~\u001b[0m\n    \u001b[96msrc/__tests__/integration/auth.controller.integration.test.ts\u001b[0m:\u001b[93m88\u001b[0m:\u001b[93m4\u001b[0m - \u001b[91merror\u001b[0m\u001b[90m TS1128: \u001b[0mDeclaration or statement expected.\n\n    \u001b[7m88\u001b[0m   });\n    \u001b[7m  \u001b[0m \u001b[91m   ~\u001b[0m\n    \u001b[96msrc/__tests__/integration/auth.controller.integration.test.ts\u001b[0m:\u001b[93m181\u001b[0m:\u001b[93m1\u001b[0m - \u001b[91merror\u001b[0m\u001b[90m TS1128: \u001b[0mDeclaration or statement expected.\n\n    \u001b[7m181\u001b[0m });\n    \u001b[7m   \u001b[0m \u001b[91m~\u001b[0m\n    \u001b[96msrc/__tests__/integration/auth.controller.integration.test.ts\u001b[0m:\u001b[93m181\u001b[0m:\u001b[93m2\u001b[0m - \u001b[91merror\u001b[0m\u001b[90m TS1128: \u001b[0mDeclaration or statement expected.\n\n    \u001b[7m181\u001b[0m });\n    \u001b[7m   \u001b[0m \u001b[91m ~\u001b[0m\n","name":"C:\\Users\\Diwakar Sharma\\node-projects\\DevMart\\backend\\src\\__tests__\\integration\\auth.controller.integration.test.ts","startTime":1788317951790,"status":"failed","summary":""}],"wasInterrupted":false}
